19:22:15  INFO  manager.ApplicationManager - Tests starts on Chrome Driver
19:22:19  INFO  tests.TestBase - Start test--->removeOneContactTest
19:22:19  INFO  manager.MyListener - Start search element by locator--->By.xpath: //button[text()='Sign Out']
19:22:29  INFO  manager.MyListener - The element with locator-->By.xpath: //button[text()='Sign Out']was found
19:22:29  INFO  manager.MyListener - Start search element by locator--->By.xpath: //a[text()='LOGIN']
19:22:29  INFO  manager.MyListener - The element with locator-->By.xpath: //a[text()='LOGIN']was found
19:22:29  INFO  manager.MyListener - Start search element by locator--->By.xpath: //input[1]
19:22:29  INFO  manager.MyListener - The element with locator-->By.xpath: //input[1]was found
19:22:29  INFO  manager.MyListener - Start search element by locator--->By.xpath: //input[2]
19:22:29  INFO  manager.MyListener - The element with locator-->By.xpath: //input[2]was found
19:22:29  INFO  manager.MyListener - Start search element by locator--->By.xpath: //button[1]
19:22:29  INFO  manager.MyListener - The element with locator-->By.xpath: //button[1]was found
19:22:29  INFO  manager.MyListener - Start search element by locator--->By.cssSelector: .contact-item_card__2SOIM
19:22:31  INFO  manager.MyListener - The element with locator-->By.cssSelector: .contact-item_card__2SOIMwas found
19:22:31  INFO  manager.MyListener - Start search element by locator--->By.cssSelector: .contact-item_card__2SOIM
19:22:31  INFO  manager.MyListener - The element with locator-->By.cssSelector: .contact-item_card__2SOIMwas found
19:22:31  INFO  manager.MyListener - Start search element by locator--->By.xpath: (//div[@class='contact-item_card__2SOIM'])
19:22:31  INFO  manager.MyListener - The element with locator-->By.xpath: (//div[@class='contact-item_card__2SOIM'])was found
19:22:31  INFO  manager.MyListener - Start search element by locator--->By.xpath: //button[text()='Remove']
19:22:31  INFO  manager.MyListener - The element with locator-->By.xpath: //button[text()='Remove']was found
19:22:36  INFO  manager.MyListener - Start search element by locator--->By.cssSelector: .contact-item_card__2SOIM
19:22:36  INFO  manager.MyListener - The element with locator-->By.cssSelector: .contact-item_card__2SOIMwas found
19:22:36  INFO  tests.TestBase - *******************************************
