19:15:33  INFO  manager.ApplicationManager - Tests starts on Chrome Driver
19:15:36  INFO  tests.TestBase - Start test--->removeAllContacts2
19:15:36  INFO  manager.MyListener - Start search element by locator--->By.xpath: //button[text()='Sign Out']
19:15:46  INFO  manager.MyListener - The element with locator-->By.xpath: //button[text()='Sign Out']was found
19:15:46  INFO  manager.MyListener - Start search element by locator--->By.xpath: //a[text()='LOGIN']
19:15:46  INFO  manager.MyListener - The element with locator-->By.xpath: //a[text()='LOGIN']was found
19:15:46  INFO  manager.MyListener - Start search element by locator--->By.xpath: //input[1]
19:15:46  INFO  manager.MyListener - The element with locator-->By.xpath: //input[1]was found
19:15:46  INFO  manager.MyListener - Start search element by locator--->By.xpath: //input[2]
19:15:46  INFO  manager.MyListener - The element with locator-->By.xpath: //input[2]was found
19:15:46  INFO  manager.MyListener - Start search element by locator--->By.xpath: //button[1]
19:15:46  INFO  manager.MyListener - The element with locator-->By.xpath: //button[1]was found
19:15:46  INFO  manager.MyListener - Start search element by locator--->By.cssSelector: .contact-item_card__2SOIM
19:15:47  INFO  manager.MyListener - The element with locator-->By.cssSelector: .contact-item_card__2SOIMwas found
19:15:47  INFO  manager.MyListener - Start search element by locator--->By.cssSelector: .contact-item_card__2SOIM
19:15:47  INFO  manager.MyListener - The element with locator-->By.cssSelector: .contact-item_card__2SOIMwas found
19:15:47  INFO  manager.MyListener - Start search element by locator--->By.xpath: (//div[@class='contact-item_card__2SOIM'])
19:15:47  INFO  manager.MyListener - The element with locator-->By.xpath: (//div[@class='contact-item_card__2SOIM'])was found
19:15:47  INFO  manager.MyListener - Start search element by locator--->By.xpath: //button[text()='Remove']
19:15:48  INFO  manager.MyListener - The element with locator-->By.xpath: //button[text()='Remove']was found
19:15:48  INFO  manager.MyListener - Start search element by locator--->By.cssSelector: .contact-item_card__2SOIM
19:15:48  INFO  manager.MyListener - The element with locator-->By.cssSelector: .contact-item_card__2SOIMwas found
19:15:48  INFO  manager.MyListener - Start search element by locator--->By.cssSelector: .contact-item_card__2SOIM
19:15:48  INFO  manager.MyListener - The element with locator-->By.cssSelector: .contact-item_card__2SOIMwas found
19:15:48  INFO  manager.MyListener - Start search element by locator--->By.xpath: (//div[@class='contact-item_card__2SOIM'])
19:15:48  INFO  manager.MyListener - The element with locator-->By.xpath: (//div[@class='contact-item_card__2SOIM'])was found
19:15:48  INFO  manager.MyListener - Start search element by locator--->By.xpath: //button[text()='Remove']
19:15:48  INFO  manager.MyListener - The element with locator-->By.xpath: //button[text()='Remove']was found
19:15:48  INFO  manager.MyListener - Start search element by locator--->By.cssSelector: .contact-item_card__2SOIM
19:15:48  INFO  manager.MyListener - The element with locator-->By.cssSelector: .contact-item_card__2SOIMwas found
19:15:48  INFO  manager.MyListener - Start search element by locator--->By.cssSelector: .contact-item_card__2SOIM
19:15:48  INFO  manager.MyListener - The element with locator-->By.cssSelector: .contact-item_card__2SOIMwas found
19:15:48  INFO  manager.MyListener - Start search element by locator--->By.xpath: (//div[@class='contact-item_card__2SOIM'])
19:15:48  INFO  manager.MyListener - The element with locator-->By.xpath: (//div[@class='contact-item_card__2SOIM'])was found
19:15:48  INFO  manager.MyListener - Start search element by locator--->By.xpath: //button[text()='Remove']
19:15:48  INFO  manager.MyListener - The element with locator-->By.xpath: //button[text()='Remove']was found
19:15:48  INFO  manager.MyListener - Start search element by locator--->By.cssSelector: .contact-item_card__2SOIM
19:15:48  INFO  manager.MyListener - The element with locator-->By.cssSelector: .contact-item_card__2SOIMwas found
19:15:48  INFO  manager.MyListener - Start search element by locator--->By.cssSelector: .contact-item_card__2SOIM
19:15:48  INFO  manager.MyListener - The element with locator-->By.cssSelector: .contact-item_card__2SOIMwas found
19:15:48  INFO  manager.MyListener - Start search element by locator--->By.xpath: (//div[@class='contact-item_card__2SOIM'])
19:15:48  INFO  manager.MyListener - The element with locator-->By.xpath: (//div[@class='contact-item_card__2SOIM'])was found
19:15:48  INFO  manager.MyListener - Start search element by locator--->By.xpath: //button[text()='Remove']
19:15:48  INFO  manager.MyListener - The element with locator-->By.xpath: //button[text()='Remove']was found
19:15:48  INFO  manager.MyListener - Start search element by locator--->By.cssSelector: .contact-item_card__2SOIM
19:15:48  INFO  manager.MyListener - The element with locator-->By.cssSelector: .contact-item_card__2SOIMwas found
19:15:48  INFO  manager.MyListener - Start search element by locator--->By.cssSelector: .contact-item_card__2SOIM
19:15:48  INFO  manager.MyListener - The element with locator-->By.cssSelector: .contact-item_card__2SOIMwas found
19:15:48  INFO  manager.MyListener - Start search element by locator--->By.xpath: (//div[@class='contact-item_card__2SOIM'])
19:15:48  INFO  manager.MyListener - The element with locator-->By.xpath: (//div[@class='contact-item_card__2SOIM'])was found
19:15:48  INFO  manager.MyListener - Start search element by locator--->By.xpath: //button[text()='Remove']
19:15:48  INFO  manager.MyListener - The element with locator-->By.xpath: //button[text()='Remove']was found
19:15:48  INFO  manager.MyListener - Start search element by locator--->By.cssSelector: .contact-item_card__2SOIM
19:15:48  INFO  manager.MyListener - The element with locator-->By.cssSelector: .contact-item_card__2SOIMwas found
19:15:48  INFO  manager.MyListener - Start search element by locator--->By.cssSelector: .contact-item_card__2SOIM
19:15:48  INFO  manager.MyListener - The element with locator-->By.cssSelector: .contact-item_card__2SOIMwas found
19:15:48  INFO  manager.MyListener - Start search element by locator--->By.xpath: (//div[@class='contact-item_card__2SOIM'])
19:15:48  INFO  manager.MyListener - The element with locator-->By.xpath: (//div[@class='contact-item_card__2SOIM'])was found
19:15:48  INFO  manager.MyListener - Start search element by locator--->By.xpath: //button[text()='Remove']
19:15:48  INFO  manager.MyListener - The element with locator-->By.xpath: //button[text()='Remove']was found
19:15:48  ERROR manager.MyListener - Something went wrong!
19:15:48  ERROR manager.MyListener - stale element reference: element is not attached to the page document
  (Session info: chrome=96.0.4664.45)
For documentation on this error, please visit: https://www.seleniumhq.org/exceptions/stale_element_reference.html
Build info: version: '3.141.59', revision: 'e82be7d358', time: '2018-11-14T08:17:03'
System info: host: 'LAPTOP-44JBEN25', ip: '172.20.10.2', os.name: 'Windows 10', os.arch: 'amd64', os.version: '10.0', java.version: '1.8.0_301'
Driver info: org.openqa.selenium.chrome.ChromeDriver
Capabilities {acceptInsecureCerts: false, browserName: chrome, browserVersion: 96.0.4664.45, chrome: {chromedriverVersion: 96.0.4664.45 (76e4c1bb2ab46..., userDataDir: C:\Users\gorbu\AppData\Loca...}, goog:chromeOptions: {debuggerAddress: localhost:57642}, javascriptEnabled: true, networkConnectionEnabled: false, pageLoadStrategy: normal, platform: WINDOWS, platformName: WINDOWS, proxy: Proxy(), setWindowRect: true, strictFileInteractability: false, timeouts: {implicit: 0, pageLoad: 300000, script: 30000}, unhandledPromptBehavior: dismiss and notify, webauthn:extension:credBlob: true, webauthn:extension:largeBlob: true, webauthn:virtualAuthenticators: true}
Session ID: 35f57b68f43c11392dbc5938057f7b30
19:15:48  ERROR manager.MyListener - org.openqa.selenium.StaleElementReferenceException: stale element reference: element is not attached to the page document
  (Session info: chrome=96.0.4664.45)
For documentation on this error, please visit: https://www.seleniumhq.org/exceptions/stale_element_reference.html
Build info: version: '3.141.59', revision: 'e82be7d358', time: '2018-11-14T08:17:03'
System info: host: 'LAPTOP-44JBEN25', ip: '172.20.10.2', os.name: 'Windows 10', os.arch: 'amd64', os.version: '10.0', java.version: '1.8.0_301'
Driver info: org.openqa.selenium.chrome.ChromeDriver
Capabilities {acceptInsecureCerts: false, browserName: chrome, browserVersion: 96.0.4664.45, chrome: {chromedriverVersion: 96.0.4664.45 (76e4c1bb2ab46..., userDataDir: C:\Users\gorbu\AppData\Loca...}, goog:chromeOptions: {debuggerAddress: localhost:57642}, javascriptEnabled: true, networkConnectionEnabled: false, pageLoadStrategy: normal, platform: WINDOWS, platformName: WINDOWS, proxy: Proxy(), setWindowRect: true, strictFileInteractability: false, timeouts: {implicit: 0, pageLoad: 300000, script: 30000}, unhandledPromptBehavior: dismiss and notify, webauthn:extension:credBlob: true, webauthn:extension:largeBlob: true, webauthn:virtualAuthenticators: true}
Session ID: 35f57b68f43c11392dbc5938057f7b30
19:15:49  INFO  manager.MyListener - This link to the screenshot with error-->src/test/screenshots/screenshot-948.png
19:15:49  INFO  tests.TestBase - *******************************************
