19:48:55  INFO  manager.ApplicationManager - Tests starts on Chrome Driver
19:48:58  INFO  tests.TestBase - Start test--->registrationTestPositive
19:48:58  INFO  manager.MyListener - Start search element by locator--->By.xpath: //button[text()='Sign Out']
19:49:08  INFO  manager.MyListener - The element with locator-->By.xpath: //button[text()='Sign Out']was found
19:49:08  INFO  tests.TestBase - Test Registration Positive starts with email >>>nik2948@gmail.com
19:49:08  INFO  tests.TestBase - Test Registration Positive starts with password>>>Nik12345$
19:49:08  INFO  manager.MyListener - Start search element by locator--->By.xpath: //a[text()='LOGIN']
19:49:08  INFO  manager.MyListener - The element with locator-->By.xpath: //a[text()='LOGIN']was found
19:49:08  INFO  manager.MyListener - Start search element by locator--->By.xpath: input[1]
19:49:18  INFO  manager.MyListener - Something went wrong!
19:49:18  INFO  manager.MyListener - no such element: Unable to locate element: {"method":"xpath","selector":"input[1]"}
  (Session info: chrome=95.0.4638.69)
For documentation on this error, please visit: https://www.seleniumhq.org/exceptions/no_such_element.html
Build info: version: '3.141.59', revision: 'e82be7d358', time: '2018-11-14T08:17:03'
System info: host: 'LAPTOP-44JBEN25', ip: '172.20.10.2', os.name: 'Windows 10', os.arch: 'amd64', os.version: '10.0', java.version: '1.8.0_301'
Driver info: org.openqa.selenium.chrome.ChromeDriver
Capabilities {acceptInsecureCerts: false, browserName: chrome, browserVersion: 95.0.4638.69, chrome: {chromedriverVersion: 94.0.4606.61 (418b78f5838ed..., userDataDir: C:\Users\gorbu\AppData\Loca...}, goog:chromeOptions: {debuggerAddress: localhost:56458}, javascriptEnabled: true, networkConnectionEnabled: false, pageLoadStrategy: normal, platform: WINDOWS, platformName: WINDOWS, proxy: Proxy(), setWindowRect: true, strictFileInteractability: false, timeouts: {implicit: 0, pageLoad: 300000, script: 30000}, unhandledPromptBehavior: dismiss and notify, webauthn:extension:credBlob: true, webauthn:extension:largeBlob: true, webauthn:virtualAuthenticators: true}
Session ID: a13e95ebbf88e3ce3e24780bd9e5aa5b
*** Element info: {Using=xpath, value=input[1]}
19:49:18  INFO  manager.MyListener - org.openqa.selenium.NoSuchElementException: no such element: Unable to locate element: {"method":"xpath","selector":"input[1]"}
  (Session info: chrome=95.0.4638.69)
For documentation on this error, please visit: https://www.seleniumhq.org/exceptions/no_such_element.html
Build info: version: '3.141.59', revision: 'e82be7d358', time: '2018-11-14T08:17:03'
System info: host: 'LAPTOP-44JBEN25', ip: '172.20.10.2', os.name: 'Windows 10', os.arch: 'amd64', os.version: '10.0', java.version: '1.8.0_301'
Driver info: org.openqa.selenium.chrome.ChromeDriver
Capabilities {acceptInsecureCerts: false, browserName: chrome, browserVersion: 95.0.4638.69, chrome: {chromedriverVersion: 94.0.4606.61 (418b78f5838ed..., userDataDir: C:\Users\gorbu\AppData\Loca...}, goog:chromeOptions: {debuggerAddress: localhost:56458}, javascriptEnabled: true, networkConnectionEnabled: false, pageLoadStrategy: normal, platform: WINDOWS, platformName: WINDOWS, proxy: Proxy(), setWindowRect: true, strictFileInteractability: false, timeouts: {implicit: 0, pageLoad: 300000, script: 30000}, unhandledPromptBehavior: dismiss and notify, webauthn:extension:credBlob: true, webauthn:extension:largeBlob: true, webauthn:virtualAuthenticators: true}
Session ID: a13e95ebbf88e3ce3e24780bd9e5aa5b
*** Element info: {Using=xpath, value=input[1]}
19:49:18  INFO  manager.MyListener - This link to the screenshot with error-->src/test/screenshots/screenshot-2958.png
19:49:18  INFO  tests.TestBase - *******************************************
19:49:18  INFO  manager.ApplicationManager - Tests passed
