19:36:29  INFO  manager.ApplicationManager - Tests starts on Chrome Driver
19:36:30  INFO  tests.TestBase - Start test--->removeAllContacts2
19:36:30  INFO  manager.MyListener - Start search element by locator--->By.xpath: //button[text()='Sign Out']
19:36:40  INFO  manager.MyListener - The element with locator-->By.xpath: //button[text()='Sign Out']was found
19:36:40  INFO  manager.MyListener - Start search element by locator--->By.xpath: //a[text()='LOGIN']
19:36:40  INFO  manager.MyListener - The element with locator-->By.xpath: //a[text()='LOGIN']was found
19:36:40  INFO  manager.MyListener - Start search element by locator--->By.xpath: //input[1]
19:36:40  INFO  manager.MyListener - The element with locator-->By.xpath: //input[1]was found
19:36:40  INFO  manager.MyListener - Start search element by locator--->By.xpath: //input[2]
19:36:40  INFO  manager.MyListener - The element with locator-->By.xpath: //input[2]was found
19:36:41  INFO  manager.MyListener - Start search element by locator--->By.xpath: //button[1]
19:36:41  INFO  manager.MyListener - The element with locator-->By.xpath: //button[1]was found
19:36:41  INFO  manager.MyListener - Start search element by locator--->By.cssSelector: .contact-item_card__2SOIM
19:36:42  INFO  manager.MyListener - The element with locator-->By.cssSelector: .contact-item_card__2SOIMwas found
19:36:42  INFO  manager.MyListener - Start search element by locator--->By.cssSelector: .contact-item_card__2SOIM
19:36:42  INFO  manager.MyListener - The element with locator-->By.cssSelector: .contact-item_card__2SOIMwas found
19:36:42  INFO  manager.MyListener - Start search element by locator--->By.xpath: (//div[@class='contact-item_card__2SOIM'])
19:36:42  INFO  manager.MyListener - The element with locator-->By.xpath: (//div[@class='contact-item_card__2SOIM'])was found
19:36:42  INFO  manager.MyListener - Start search element by locator--->By.xpath: //button[text()='Remove']
19:36:42  INFO  manager.MyListener - The element with locator-->By.xpath: //button[text()='Remove']was found
19:36:47  INFO  manager.MyListener - Start search element by locator--->By.cssSelector: .contact-item_card__2SOIM
19:36:47  INFO  manager.MyListener - The element with locator-->By.cssSelector: .contact-item_card__2SOIMwas found
19:36:47  INFO  manager.MyListener - Start search element by locator--->By.cssSelector: .contact-item_card__2SOIM
19:36:47  INFO  manager.MyListener - The element with locator-->By.cssSelector: .contact-item_card__2SOIMwas found
19:36:47  INFO  manager.MyListener - Start search element by locator--->By.xpath: (//div[@class='contact-item_card__2SOIM'])
19:36:47  INFO  manager.MyListener - The element with locator-->By.xpath: (//div[@class='contact-item_card__2SOIM'])was found
19:36:47  INFO  manager.MyListener - Start search element by locator--->By.xpath: //button[text()='Remove']
19:36:47  INFO  manager.MyListener - The element with locator-->By.xpath: //button[text()='Remove']was found
19:36:52  INFO  manager.MyListener - Start search element by locator--->By.cssSelector: .contact-item_card__2SOIM
19:36:52  INFO  manager.MyListener - The element with locator-->By.cssSelector: .contact-item_card__2SOIMwas found
19:36:52  INFO  manager.MyListener - Start search element by locator--->By.cssSelector: .contact-item_card__2SOIM
19:36:52  INFO  manager.MyListener - The element with locator-->By.cssSelector: .contact-item_card__2SOIMwas found
19:36:52  INFO  manager.MyListener - Start search element by locator--->By.xpath: (//div[@class='contact-item_card__2SOIM'])
19:36:52  INFO  manager.MyListener - The element with locator-->By.xpath: (//div[@class='contact-item_card__2SOIM'])was found
19:36:52  INFO  manager.MyListener - Start search element by locator--->By.xpath: //button[text()='Remove']
19:36:52  INFO  manager.MyListener - The element with locator-->By.xpath: //button[text()='Remove']was found
19:36:57  INFO  manager.MyListener - Start search element by locator--->By.cssSelector: .contact-item_card__2SOIM
19:36:57  INFO  manager.MyListener - The element with locator-->By.cssSelector: .contact-item_card__2SOIMwas found
19:36:57  INFO  manager.MyListener - Start search element by locator--->By.cssSelector: .contact-item_card__2SOIM
19:36:57  INFO  manager.MyListener - The element with locator-->By.cssSelector: .contact-item_card__2SOIMwas found
19:36:57  INFO  manager.MyListener - Start search element by locator--->By.xpath: (//div[@class='contact-item_card__2SOIM'])
19:36:57  INFO  manager.MyListener - The element with locator-->By.xpath: (//div[@class='contact-item_card__2SOIM'])was found
19:36:57  INFO  manager.MyListener - Start search element by locator--->By.xpath: //button[text()='Remove']
19:36:57  INFO  manager.MyListener - The element with locator-->By.xpath: //button[text()='Remove']was found
19:37:02  INFO  manager.MyListener - Start search element by locator--->By.cssSelector: .contact-item_card__2SOIM
19:37:12  INFO  manager.MyListener - The element with locator-->By.cssSelector: .contact-item_card__2SOIMwas found
19:37:17  INFO  manager.MyListener - Start search element by locator--->By.cssSelector: .contact-item_card__2SOIM
19:37:28  INFO  manager.MyListener - The element with locator-->By.cssSelector: .contact-item_card__2SOIMwas found
19:37:28  INFO  manager.MyListener - Start search element by locator--->By.cssSelector: .contact-page_message__2qafk h1
19:37:28  INFO  manager.MyListener - The element with locator-->By.cssSelector: .contact-page_message__2qafk h1was found
19:37:28  INFO  tests.TestBase - *******************************************
