17:47:45  INFO  manager.ApplicationManager - Tests starts on Chrome Driver
17:47:57  INFO  tests.TestBase - Start test--->removeOneContactTest
17:47:57  INFO  manager.MyListener - Start search element by locator--->By.xpath: //button[text()='Sign Out']
17:48:07  INFO  manager.MyListener - The element with locator-->By.xpath: //button[text()='Sign Out']was found
17:48:07  INFO  manager.MyListener - Start search element by locator--->By.xpath: //a[text()='LOGIN']
17:48:07  INFO  manager.MyListener - The element with locator-->By.xpath: //a[text()='LOGIN']was found
17:48:07  INFO  manager.MyListener - Start search element by locator--->By.xpath: //input[1]
17:48:07  INFO  manager.MyListener - The element with locator-->By.xpath: //input[1]was found
17:48:07  INFO  manager.MyListener - Start search element by locator--->By.xpath: //input[2]
17:48:07  INFO  manager.MyListener - The element with locator-->By.xpath: //input[2]was found
17:48:07  INFO  manager.MyListener - Start search element by locator--->By.xpath: //button[1]
17:48:07  INFO  manager.MyListener - The element with locator-->By.xpath: //button[1]was found
17:48:07  INFO  manager.MyListener - Start search element by locator--->By.cssSelector: .contact-item_card__2SOIM
17:48:09  INFO  manager.MyListener - The element with locator-->By.cssSelector: .contact-item_card__2SOIMwas found
17:48:11  INFO  manager.MyListener - Start search element by locator--->By.xpath: (//div[@class='contact-item_card__2SOIM'])[1]
17:48:11  INFO  manager.MyListener - The element with locator-->By.xpath: (//div[@class='contact-item_card__2SOIM'])[1]was found
17:48:13  INFO  manager.MyListener - Start search element by locator--->By.xpath: //button[text()='Remove']
17:48:23  ERROR manager.MyListener - Something went wrong!
17:48:23  ERROR manager.MyListener - no such element: Unable to locate element: {"method":"xpath","selector":"//button[text()='Remove']"}
  (Session info: chrome=95.0.4638.69)
For documentation on this error, please visit: https://www.seleniumhq.org/exceptions/no_such_element.html
Build info: version: '3.141.59', revision: 'e82be7d358', time: '2018-11-14T08:17:03'
System info: host: 'LAPTOP-44JBEN25', ip: '172.20.10.2', os.name: 'Windows 10', os.arch: 'amd64', os.version: '10.0', java.version: '1.8.0_301'
Driver info: org.openqa.selenium.chrome.ChromeDriver
Capabilities {acceptInsecureCerts: false, browserName: chrome, browserVersion: 95.0.4638.69, chrome: {chromedriverVersion: 94.0.4606.61 (418b78f5838ed..., userDataDir: C:\Users\gorbu\AppData\Loca...}, goog:chromeOptions: {debuggerAddress: localhost:64435}, javascriptEnabled: true, networkConnectionEnabled: false, pageLoadStrategy: normal, platform: WINDOWS, platformName: WINDOWS, proxy: Proxy(), setWindowRect: true, strictFileInteractability: false, timeouts: {implicit: 0, pageLoad: 300000, script: 30000}, unhandledPromptBehavior: dismiss and notify, webauthn:extension:credBlob: true, webauthn:extension:largeBlob: true, webauthn:virtualAuthenticators: true}
Session ID: 96f88cdb1d98e14d0683fc8d8832f06d
*** Element info: {Using=xpath, value=//button[text()='Remove']}
17:48:23  ERROR manager.MyListener - org.openqa.selenium.NoSuchElementException: no such element: Unable to locate element: {"method":"xpath","selector":"//button[text()='Remove']"}
  (Session info: chrome=95.0.4638.69)
For documentation on this error, please visit: https://www.seleniumhq.org/exceptions/no_such_element.html
Build info: version: '3.141.59', revision: 'e82be7d358', time: '2018-11-14T08:17:03'
System info: host: 'LAPTOP-44JBEN25', ip: '172.20.10.2', os.name: 'Windows 10', os.arch: 'amd64', os.version: '10.0', java.version: '1.8.0_301'
Driver info: org.openqa.selenium.chrome.ChromeDriver
Capabilities {acceptInsecureCerts: false, browserName: chrome, browserVersion: 95.0.4638.69, chrome: {chromedriverVersion: 94.0.4606.61 (418b78f5838ed..., userDataDir: C:\Users\gorbu\AppData\Loca...}, goog:chromeOptions: {debuggerAddress: localhost:64435}, javascriptEnabled: true, networkConnectionEnabled: false, pageLoadStrategy: normal, platform: WINDOWS, platformName: WINDOWS, proxy: Proxy(), setWindowRect: true, strictFileInteractability: false, timeouts: {implicit: 0, pageLoad: 300000, script: 30000}, unhandledPromptBehavior: dismiss and notify, webauthn:extension:credBlob: true, webauthn:extension:largeBlob: true, webauthn:virtualAuthenticators: true}
Session ID: 96f88cdb1d98e14d0683fc8d8832f06d
*** Element info: {Using=xpath, value=//button[text()='Remove']}
17:48:24  INFO  manager.MyListener - This link to the screenshot with error-->src/test/screenshots/screenshot-2903.png
17:48:24  INFO  tests.TestBase - *******************************************
