17:33:07  INFO  manager.ApplicationManager - Tests starts on Chrome Driver
17:33:18  INFO  tests.TestBase - Start test--->removeOneContactTest
17:33:18  INFO  manager.MyListener - Start search element by locator--->By.xpath: //button[text()='Sign Out']
17:33:28  INFO  manager.MyListener - The element with locator-->By.xpath: //button[text()='Sign Out']was found
17:33:28  INFO  manager.MyListener - Start search element by locator--->By.xpath: //a[text()='LOGIN']
17:33:28  INFO  manager.MyListener - The element with locator-->By.xpath: //a[text()='LOGIN']was found
17:33:28  INFO  manager.MyListener - Start search element by locator--->By.xpath: //input[1]
17:33:28  INFO  manager.MyListener - The element with locator-->By.xpath: //input[1]was found
17:33:28  INFO  manager.MyListener - Start search element by locator--->By.xpath: //input[2]
17:33:28  INFO  manager.MyListener - The element with locator-->By.xpath: //input[2]was found
17:33:28  INFO  manager.MyListener - Start search element by locator--->By.xpath: //button[1]
17:33:28  INFO  manager.MyListener - The element with locator-->By.xpath: //button[1]was found
17:33:28  INFO  manager.MyListener - Start search element by locator--->By.cssSelector: .contact-item_card__2SOIM
17:33:30  INFO  manager.MyListener - The element with locator-->By.cssSelector: .contact-item_card__2SOIMwas found
17:33:30  INFO  manager.MyListener - Start search element by locator--->By.xpath: (//div[@class='contact-item_card__2SOIM'])[1]
17:33:30  INFO  manager.MyListener - The element with locator-->By.xpath: (//div[@class='contact-item_card__2SOIM'])[1]was found
17:33:30  INFO  manager.MyListener - Start search element by locator--->By.xpath: //button[text()='Remove']
17:33:30  INFO  manager.MyListener - The element with locator-->By.xpath: //button[text()='Remove']was found
17:33:30  INFO  manager.MyListener - Start search element by locator--->By.cssSelector: .contact-item_card__2SOIM
17:33:30  INFO  manager.MyListener - The element with locator-->By.cssSelector: .contact-item_card__2SOIMwas found
17:33:30  INFO  manager.MyListener - Start search element by locator--->By.cssSelector: .contact-item_card__2SOIM
17:33:30  INFO  manager.MyListener - The element with locator-->By.cssSelector: .contact-item_card__2SOIMwas found
17:33:30  INFO  tests.TestBase - *******************************************
