20:32:14  INFO  manager.ApplicationManager - Tests starts on Chrome Driver
20:32:17  INFO  tests.TestBase - Start test--->addNewContactTest
20:32:17  INFO  manager.MyListener - Start search element by locator--->By.xpath: //button[text()='Sign Out']
20:32:27  INFO  manager.MyListener - The element with locator-->By.xpath: //button[text()='Sign Out']was found
20:32:27  INFO  manager.MyListener - Start search element by locator--->By.xpath: //a[text()='LOGIN']
20:32:28  INFO  manager.MyListener - The element with locator-->By.xpath: //a[text()='LOGIN']was found
20:32:28  INFO  manager.MyListener - Start search element by locator--->By.xpath: //input[1]
20:32:28  INFO  manager.MyListener - The element with locator-->By.xpath: //input[1]was found
20:32:28  INFO  manager.MyListener - Start search element by locator--->By.xpath: //input[2]
20:32:28  INFO  manager.MyListener - The element with locator-->By.xpath: //input[2]was found
20:32:28  INFO  manager.MyListener - Start search element by locator--->By.xpath: //button[1]
20:32:28  INFO  manager.MyListener - The element with locator-->By.xpath: //button[1]was found
20:32:28  INFO  manager.MyListener - Start search element by locator--->By.cssSelector: a[href='/add']
20:32:29  INFO  manager.MyListener - The element with locator-->By.cssSelector: a[href='/add']was found
20:32:29  INFO  manager.MyListener - Start search element by locator--->By.cssSelector: [placeholder='Name']
20:32:29  INFO  manager.MyListener - The element with locator-->By.cssSelector: [placeholder='Name']was found
20:32:30  INFO  manager.MyListener - Start search element by locator--->By.cssSelector: [placeholder='Last Name']
20:32:30  INFO  manager.MyListener - The element with locator-->By.cssSelector: [placeholder='Last Name']was found
20:32:30  INFO  manager.MyListener - Start search element by locator--->By.cssSelector: [placeholder='Phone']
20:32:30  INFO  manager.MyListener - The element with locator-->By.cssSelector: [placeholder='Phone']was found
20:32:30  INFO  manager.MyListener - Start search element by locator--->By.cssSelector: [placeholder='email']
20:32:30  INFO  manager.MyListener - The element with locator-->By.cssSelector: [placeholder='email']was found
20:32:30  INFO  manager.MyListener - Start search element by locator--->By.cssSelector: [placeholder='Address']
20:32:30  INFO  manager.MyListener - The element with locator-->By.cssSelector: [placeholder='Address']was found
20:32:30  INFO  manager.MyListener - Start search element by locator--->By.cssSelector: [placeholder='description']
20:32:30  INFO  manager.MyListener - The element with locator-->By.cssSelector: [placeholder='description']was found
20:32:30  INFO  manager.MyListener - Start search element by locator--->By.xpath: (//button)[2]
20:32:30  INFO  manager.MyListener - The element with locator-->By.xpath: (//button)[2]was found
20:32:30  INFO  manager.MyListener - Start search element by locator--->By.cssSelector: .contact-page_leftdiv__yhyke
20:32:31  INFO  manager.MyListener - The element with locator-->By.cssSelector: .contact-page_leftdiv__yhykewas found
20:32:31  INFO  manager.MyListener - Start search element by locator--->By.cssSelector: .contact-item_card__2SOIM
20:32:31  INFO  manager.MyListener - The element with locator-->By.cssSelector: .contact-item_card__2SOIMwas found
20:32:31  INFO  tests.TestBase - *******************************************
20:32:31  INFO  tests.TestBase - Start test--->addNewContactTest
20:32:31  INFO  manager.MyListener - Start search element by locator--->By.xpath: //button[text()='Sign Out']
20:32:31  INFO  manager.MyListener - The element with locator-->By.xpath: //button[text()='Sign Out']was found
20:32:31  INFO  manager.MyListener - Start search element by locator--->By.cssSelector: a[href='/add']
20:32:31  INFO  manager.MyListener - The element with locator-->By.cssSelector: a[href='/add']was found
20:32:31  INFO  manager.MyListener - Start search element by locator--->By.cssSelector: [placeholder='Name']
20:32:31  INFO  manager.MyListener - The element with locator-->By.cssSelector: [placeholder='Name']was found
20:32:31  INFO  manager.MyListener - Start search element by locator--->By.cssSelector: [placeholder='Last Name']
20:32:31  INFO  manager.MyListener - The element with locator-->By.cssSelector: [placeholder='Last Name']was found
20:32:31  INFO  manager.MyListener - Start search element by locator--->By.cssSelector: [placeholder='Phone']
20:32:31  INFO  manager.MyListener - The element with locator-->By.cssSelector: [placeholder='Phone']was found
20:32:31  INFO  manager.MyListener - Start search element by locator--->By.cssSelector: [placeholder='email']
20:32:32  INFO  manager.MyListener - The element with locator-->By.cssSelector: [placeholder='email']was found
20:32:32  INFO  manager.MyListener - Start search element by locator--->By.cssSelector: [placeholder='Address']
20:32:32  INFO  manager.MyListener - The element with locator-->By.cssSelector: [placeholder='Address']was found
20:32:32  INFO  manager.MyListener - Start search element by locator--->By.cssSelector: [placeholder='description']
20:32:32  INFO  manager.MyListener - The element with locator-->By.cssSelector: [placeholder='description']was found
20:32:32  INFO  manager.MyListener - Start search element by locator--->By.xpath: (//button)[2]
20:32:32  INFO  manager.MyListener - The element with locator-->By.xpath: (//button)[2]was found
20:32:32  INFO  manager.MyListener - Start search element by locator--->By.cssSelector: .contact-page_leftdiv__yhyke
20:32:32  INFO  manager.MyListener - The element with locator-->By.cssSelector: .contact-page_leftdiv__yhykewas found
20:32:32  INFO  manager.MyListener - Start search element by locator--->By.cssSelector: .contact-item_card__2SOIM
20:32:32  INFO  manager.MyListener - The element with locator-->By.cssSelector: .contact-item_card__2SOIMwas found
20:32:33  INFO  tests.TestBase - *******************************************
20:32:33  INFO  tests.TestBase - Start test--->addNewContactTest
20:32:33  INFO  manager.MyListener - Start search element by locator--->By.xpath: //button[text()='Sign Out']
20:32:33  INFO  manager.MyListener - The element with locator-->By.xpath: //button[text()='Sign Out']was found
20:32:33  INFO  manager.MyListener - Start search element by locator--->By.cssSelector: a[href='/add']
20:32:33  INFO  manager.MyListener - The element with locator-->By.cssSelector: a[href='/add']was found
20:32:33  INFO  manager.MyListener - Start search element by locator--->By.cssSelector: [placeholder='Name']
20:32:33  INFO  manager.MyListener - The element with locator-->By.cssSelector: [placeholder='Name']was found
20:32:33  INFO  manager.MyListener - Start search element by locator--->By.cssSelector: [placeholder='Last Name']
20:32:33  INFO  manager.MyListener - The element with locator-->By.cssSelector: [placeholder='Last Name']was found
20:32:33  INFO  manager.MyListener - Start search element by locator--->By.cssSelector: [placeholder='Phone']
20:32:33  INFO  manager.MyListener - The element with locator-->By.cssSelector: [placeholder='Phone']was found
20:32:33  INFO  manager.MyListener - Start search element by locator--->By.cssSelector: [placeholder='email']
20:32:33  INFO  manager.MyListener - The element with locator-->By.cssSelector: [placeholder='email']was found
20:32:33  INFO  manager.MyListener - Start search element by locator--->By.cssSelector: [placeholder='Address']
20:32:33  INFO  manager.MyListener - The element with locator-->By.cssSelector: [placeholder='Address']was found
20:32:33  INFO  manager.MyListener - Start search element by locator--->By.cssSelector: [placeholder='description']
20:32:33  INFO  manager.MyListener - The element with locator-->By.cssSelector: [placeholder='description']was found
20:32:33  INFO  manager.MyListener - Start search element by locator--->By.xpath: (//button)[2]
20:32:34  INFO  manager.MyListener - The element with locator-->By.xpath: (//button)[2]was found
20:32:34  INFO  manager.MyListener - Start search element by locator--->By.cssSelector: .contact-page_leftdiv__yhyke
20:32:34  INFO  manager.MyListener - The element with locator-->By.cssSelector: .contact-page_leftdiv__yhykewas found
20:32:34  INFO  manager.MyListener - Start search element by locator--->By.cssSelector: .contact-item_card__2SOIM
20:32:34  INFO  manager.MyListener - The element with locator-->By.cssSelector: .contact-item_card__2SOIMwas found
20:32:34  INFO  tests.TestBase - *******************************************
20:32:34  INFO  tests.TestBase - Start test--->addNewContactTest
20:32:34  INFO  manager.MyListener - Start search element by locator--->By.xpath: //button[text()='Sign Out']
20:32:34  INFO  manager.MyListener - The element with locator-->By.xpath: //button[text()='Sign Out']was found
20:32:34  INFO  manager.MyListener - Start search element by locator--->By.cssSelector: a[href='/add']
20:32:34  INFO  manager.MyListener - The element with locator-->By.cssSelector: a[href='/add']was found
20:32:34  INFO  manager.MyListener - Start search element by locator--->By.cssSelector: [placeholder='Name']
20:32:34  INFO  manager.MyListener - The element with locator-->By.cssSelector: [placeholder='Name']was found
20:32:35  INFO  manager.MyListener - Start search element by locator--->By.cssSelector: [placeholder='Last Name']
20:32:35  INFO  manager.MyListener - The element with locator-->By.cssSelector: [placeholder='Last Name']was found
20:32:35  INFO  manager.MyListener - Start search element by locator--->By.cssSelector: [placeholder='Phone']
20:32:35  INFO  manager.MyListener - The element with locator-->By.cssSelector: [placeholder='Phone']was found
20:32:35  INFO  manager.MyListener - Start search element by locator--->By.cssSelector: [placeholder='email']
20:32:35  INFO  manager.MyListener - The element with locator-->By.cssSelector: [placeholder='email']was found
20:32:35  INFO  manager.MyListener - Start search element by locator--->By.cssSelector: [placeholder='Address']
20:32:35  INFO  manager.MyListener - The element with locator-->By.cssSelector: [placeholder='Address']was found
20:32:35  INFO  manager.MyListener - Start search element by locator--->By.cssSelector: [placeholder='description']
20:32:35  INFO  manager.MyListener - The element with locator-->By.cssSelector: [placeholder='description']was found
20:32:36  INFO  manager.MyListener - Start search element by locator--->By.xpath: (//button)[2]
20:32:36  INFO  manager.MyListener - The element with locator-->By.xpath: (//button)[2]was found
20:32:36  INFO  manager.MyListener - Start search element by locator--->By.cssSelector: .contact-page_leftdiv__yhyke
20:32:36  INFO  manager.MyListener - The element with locator-->By.cssSelector: .contact-page_leftdiv__yhykewas found
20:32:36  INFO  manager.MyListener - Start search element by locator--->By.cssSelector: .contact-item_card__2SOIM
20:32:36  INFO  manager.MyListener - The element with locator-->By.cssSelector: .contact-item_card__2SOIMwas found
20:32:36  INFO  tests.TestBase - *******************************************
20:33:00  INFO  manager.ApplicationManager - Tests starts on Chrome Driver
20:33:02  INFO  tests.TestBase - Start test--->removeAllContacts
20:33:02  INFO  manager.MyListener - Start search element by locator--->By.xpath: //button[text()='Sign Out']
20:33:12  INFO  manager.MyListener - The element with locator-->By.xpath: //button[text()='Sign Out']was found
20:33:12  INFO  manager.MyListener - Start search element by locator--->By.xpath: //a[text()='LOGIN']
20:33:12  INFO  manager.MyListener - The element with locator-->By.xpath: //a[text()='LOGIN']was found
20:33:12  INFO  manager.MyListener - Start search element by locator--->By.xpath: //input[1]
20:33:12  INFO  manager.MyListener - The element with locator-->By.xpath: //input[1]was found
20:33:12  INFO  manager.MyListener - Start search element by locator--->By.xpath: //input[2]
20:33:12  INFO  manager.MyListener - The element with locator-->By.xpath: //input[2]was found
20:33:12  INFO  manager.MyListener - Start search element by locator--->By.xpath: //button[1]
20:33:12  INFO  manager.MyListener - The element with locator-->By.xpath: //button[1]was found
20:33:12  INFO  manager.MyListener - Start search element by locator--->By.cssSelector: .contact-item_card__2SOIM
20:33:14  INFO  manager.MyListener - The element with locator-->By.cssSelector: .contact-item_card__2SOIMwas found
20:33:24  INFO  manager.MyListener - Start search element by locator--->By.xpath: //button[text()='Remove']
20:33:24  INFO  manager.MyListener - The element with locator-->By.xpath: //button[text()='Remove']was found
20:33:40  INFO  manager.MyListener - Start search element by locator--->By.xpath: //button[text()='Remove']
20:33:40  INFO  manager.MyListener - The element with locator-->By.xpath: //button[text()='Remove']was found
20:33:55  INFO  manager.MyListener - Start search element by locator--->By.xpath: //button[text()='Remove']
20:33:55  INFO  manager.MyListener - The element with locator-->By.xpath: //button[text()='Remove']was found
20:34:05  ERROR manager.MyListener - Something went wrong!
20:34:05  ERROR manager.MyListener - stale element reference: element is not attached to the page document
  (Session info: chrome=95.0.4638.69)
For documentation on this error, please visit: https://www.seleniumhq.org/exceptions/stale_element_reference.html
Build info: version: '3.141.59', revision: 'e82be7d358', time: '2018-11-14T08:17:03'
System info: host: 'LAPTOP-44JBEN25', ip: '172.20.10.2', os.name: 'Windows 10', os.arch: 'amd64', os.version: '10.0', java.version: '1.8.0_301'
Driver info: org.openqa.selenium.chrome.ChromeDriver
Capabilities {acceptInsecureCerts: false, browserName: chrome, browserVersion: 95.0.4638.69, chrome: {chromedriverVersion: 94.0.4606.61 (418b78f5838ed..., userDataDir: C:\Users\gorbu\AppData\Loca...}, goog:chromeOptions: {debuggerAddress: localhost:51170}, javascriptEnabled: true, networkConnectionEnabled: false, pageLoadStrategy: normal, platform: WINDOWS, platformName: WINDOWS, proxy: Proxy(), setWindowRect: true, strictFileInteractability: false, timeouts: {implicit: 0, pageLoad: 300000, script: 30000}, unhandledPromptBehavior: dismiss and notify, webauthn:extension:credBlob: true, webauthn:extension:largeBlob: true, webauthn:virtualAuthenticators: true}
Session ID: 71bd1d22eaf35e17ccb2255a063d0153
20:34:05  ERROR manager.MyListener - org.openqa.selenium.StaleElementReferenceException: stale element reference: element is not attached to the page document
  (Session info: chrome=95.0.4638.69)
For documentation on this error, please visit: https://www.seleniumhq.org/exceptions/stale_element_reference.html
Build info: version: '3.141.59', revision: 'e82be7d358', time: '2018-11-14T08:17:03'
System info: host: 'LAPTOP-44JBEN25', ip: '172.20.10.2', os.name: 'Windows 10', os.arch: 'amd64', os.version: '10.0', java.version: '1.8.0_301'
Driver info: org.openqa.selenium.chrome.ChromeDriver
Capabilities {acceptInsecureCerts: false, browserName: chrome, browserVersion: 95.0.4638.69, chrome: {chromedriverVersion: 94.0.4606.61 (418b78f5838ed..., userDataDir: C:\Users\gorbu\AppData\Loca...}, goog:chromeOptions: {debuggerAddress: localhost:51170}, javascriptEnabled: true, networkConnectionEnabled: false, pageLoadStrategy: normal, platform: WINDOWS, platformName: WINDOWS, proxy: Proxy(), setWindowRect: true, strictFileInteractability: false, timeouts: {implicit: 0, pageLoad: 300000, script: 30000}, unhandledPromptBehavior: dismiss and notify, webauthn:extension:credBlob: true, webauthn:extension:largeBlob: true, webauthn:virtualAuthenticators: true}
Session ID: 71bd1d22eaf35e17ccb2255a063d0153
20:34:05  INFO  manager.MyListener - This link to the screenshot with error-->src/test/screenshots/screenshot-2045.png
20:34:05  INFO  tests.TestBase - *******************************************
