19:35:57  INFO  manager.ApplicationManager - Tests starts on Chrome Driver
19:35:59  INFO  tests.TestBase - Start test--->addNewContactTest
19:35:59  INFO  manager.MyListener - Start search element by locator--->By.xpath: //button[text()='Sign Out']
19:36:09  INFO  manager.MyListener - The element with locator-->By.xpath: //button[text()='Sign Out']was found
19:36:09  INFO  manager.MyListener - Start search element by locator--->By.xpath: //a[text()='LOGIN']
19:36:09  INFO  manager.MyListener - The element with locator-->By.xpath: //a[text()='LOGIN']was found
19:36:09  INFO  manager.MyListener - Start search element by locator--->By.xpath: //input[1]
19:36:09  INFO  manager.MyListener - The element with locator-->By.xpath: //input[1]was found
19:36:09  INFO  manager.MyListener - Start search element by locator--->By.xpath: //input[2]
19:36:09  INFO  manager.MyListener - The element with locator-->By.xpath: //input[2]was found
19:36:09  INFO  manager.MyListener - Start search element by locator--->By.xpath: //button[1]
19:36:09  INFO  manager.MyListener - The element with locator-->By.xpath: //button[1]was found
19:36:09  INFO  manager.MyListener - Start search element by locator--->By.cssSelector: a[href='/add']
19:36:10  INFO  manager.MyListener - The element with locator-->By.cssSelector: a[href='/add']was found
19:36:11  INFO  manager.MyListener - Start search element by locator--->By.cssSelector: [placeholder='Name']
19:36:11  INFO  manager.MyListener - The element with locator-->By.cssSelector: [placeholder='Name']was found
19:36:11  INFO  manager.MyListener - Start search element by locator--->By.cssSelector: [placeholder='Last Name']
19:36:11  INFO  manager.MyListener - The element with locator-->By.cssSelector: [placeholder='Last Name']was found
19:36:11  INFO  manager.MyListener - Start search element by locator--->By.cssSelector: [placeholder='Phone']
19:36:11  INFO  manager.MyListener - The element with locator-->By.cssSelector: [placeholder='Phone']was found
19:36:11  INFO  manager.MyListener - Start search element by locator--->By.cssSelector: [placeholder='email']
19:36:11  INFO  manager.MyListener - The element with locator-->By.cssSelector: [placeholder='email']was found
19:36:11  INFO  manager.MyListener - Start search element by locator--->By.cssSelector: [placeholder='Address']
19:36:11  INFO  manager.MyListener - The element with locator-->By.cssSelector: [placeholder='Address']was found
19:36:11  INFO  manager.MyListener - Start search element by locator--->By.cssSelector: [placeholder='description']
19:36:11  INFO  manager.MyListener - The element with locator-->By.cssSelector: [placeholder='description']was found
19:36:11  INFO  manager.MyListener - Start search element by locator--->By.xpath: (//button)[2]
19:36:11  INFO  manager.MyListener - The element with locator-->By.xpath: (//button)[2]was found
19:36:12  INFO  manager.MyListener - Start search element by locator--->By.cssSelector: .contact-page_leftdiv__yhyke
19:36:12  INFO  manager.MyListener - The element with locator-->By.cssSelector: .contact-page_leftdiv__yhykewas found
19:36:12  INFO  manager.MyListener - Start search element by locator--->By.cssSelector: .contact-item_card__2SOIM
19:36:12  INFO  manager.MyListener - The element with locator-->By.cssSelector: .contact-item_card__2SOIMwas found
19:36:12  INFO  manager.MyListener - Start search element by locator--->By.cssSelector: h3
19:36:12  INFO  manager.MyListener - The element with locator-->By.cssSelector: h3was found
19:36:12  INFO  tests.TestBase - *******************************************
19:36:12  INFO  tests.TestBase - Start test--->addNewContactTest
19:36:12  INFO  manager.MyListener - Start search element by locator--->By.xpath: //button[text()='Sign Out']
19:36:12  INFO  manager.MyListener - The element with locator-->By.xpath: //button[text()='Sign Out']was found
19:36:12  INFO  manager.MyListener - Start search element by locator--->By.cssSelector: a[href='/add']
19:36:12  INFO  manager.MyListener - The element with locator-->By.cssSelector: a[href='/add']was found
19:36:12  INFO  manager.MyListener - Start search element by locator--->By.cssSelector: [placeholder='Name']
19:36:12  INFO  manager.MyListener - The element with locator-->By.cssSelector: [placeholder='Name']was found
19:36:13  INFO  manager.MyListener - Start search element by locator--->By.cssSelector: [placeholder='Last Name']
19:36:13  INFO  manager.MyListener - The element with locator-->By.cssSelector: [placeholder='Last Name']was found
19:36:13  INFO  manager.MyListener - Start search element by locator--->By.cssSelector: [placeholder='Phone']
19:36:13  INFO  manager.MyListener - The element with locator-->By.cssSelector: [placeholder='Phone']was found
19:36:13  INFO  manager.MyListener - Start search element by locator--->By.cssSelector: [placeholder='email']
19:36:13  INFO  manager.MyListener - The element with locator-->By.cssSelector: [placeholder='email']was found
19:36:13  INFO  manager.MyListener - Start search element by locator--->By.cssSelector: [placeholder='Address']
19:36:13  INFO  manager.MyListener - The element with locator-->By.cssSelector: [placeholder='Address']was found
19:36:13  INFO  manager.MyListener - Start search element by locator--->By.cssSelector: [placeholder='description']
19:36:13  INFO  manager.MyListener - The element with locator-->By.cssSelector: [placeholder='description']was found
19:36:13  INFO  manager.MyListener - Start search element by locator--->By.xpath: (//button)[2]
19:36:13  INFO  manager.MyListener - The element with locator-->By.xpath: (//button)[2]was found
19:36:13  INFO  manager.MyListener - Start search element by locator--->By.cssSelector: .contact-page_leftdiv__yhyke
19:36:14  INFO  manager.MyListener - The element with locator-->By.cssSelector: .contact-page_leftdiv__yhykewas found
19:36:14  INFO  manager.MyListener - Start search element by locator--->By.cssSelector: .contact-item_card__2SOIM
19:36:14  INFO  manager.MyListener - The element with locator-->By.cssSelector: .contact-item_card__2SOIMwas found
19:36:14  INFO  manager.MyListener - Start search element by locator--->By.cssSelector: h3
19:36:14  INFO  manager.MyListener - The element with locator-->By.cssSelector: h3was found
19:36:14  INFO  tests.TestBase - *******************************************
19:36:14  INFO  tests.TestBase - Start test--->addNewContactTest
19:36:14  INFO  manager.MyListener - Start search element by locator--->By.xpath: //button[text()='Sign Out']
19:36:14  INFO  manager.MyListener - The element with locator-->By.xpath: //button[text()='Sign Out']was found
19:36:14  INFO  manager.MyListener - Start search element by locator--->By.cssSelector: a[href='/add']
19:36:14  INFO  manager.MyListener - The element with locator-->By.cssSelector: a[href='/add']was found
19:36:14  INFO  manager.MyListener - Start search element by locator--->By.cssSelector: [placeholder='Name']
19:36:14  INFO  manager.MyListener - The element with locator-->By.cssSelector: [placeholder='Name']was found
19:36:14  INFO  manager.MyListener - Start search element by locator--->By.cssSelector: [placeholder='Last Name']
19:36:14  INFO  manager.MyListener - The element with locator-->By.cssSelector: [placeholder='Last Name']was found
19:36:14  INFO  manager.MyListener - Start search element by locator--->By.cssSelector: [placeholder='Phone']
19:36:14  INFO  manager.MyListener - The element with locator-->By.cssSelector: [placeholder='Phone']was found
19:36:14  INFO  manager.MyListener - Start search element by locator--->By.cssSelector: [placeholder='email']
19:36:14  INFO  manager.MyListener - The element with locator-->By.cssSelector: [placeholder='email']was found
19:36:14  INFO  manager.MyListener - Start search element by locator--->By.cssSelector: [placeholder='Address']
19:36:14  INFO  manager.MyListener - The element with locator-->By.cssSelector: [placeholder='Address']was found
19:36:14  INFO  manager.MyListener - Start search element by locator--->By.cssSelector: [placeholder='description']
19:36:14  INFO  manager.MyListener - The element with locator-->By.cssSelector: [placeholder='description']was found
19:36:14  INFO  manager.MyListener - Start search element by locator--->By.xpath: (//button)[2]
19:36:14  INFO  manager.MyListener - The element with locator-->By.xpath: (//button)[2]was found
19:36:15  INFO  manager.MyListener - Start search element by locator--->By.cssSelector: .contact-page_leftdiv__yhyke
19:36:15  INFO  manager.MyListener - The element with locator-->By.cssSelector: .contact-page_leftdiv__yhykewas found
19:36:15  INFO  manager.MyListener - Start search element by locator--->By.cssSelector: .contact-item_card__2SOIM
19:36:15  INFO  manager.MyListener - The element with locator-->By.cssSelector: .contact-item_card__2SOIMwas found
19:36:15  INFO  manager.MyListener - Start search element by locator--->By.cssSelector: h3
19:36:15  INFO  manager.MyListener - The element with locator-->By.cssSelector: h3was found
19:36:15  INFO  tests.TestBase - *******************************************
19:36:15  INFO  tests.TestBase - Start test--->addNewContactTest
19:36:15  INFO  manager.MyListener - Start search element by locator--->By.xpath: //button[text()='Sign Out']
19:36:15  INFO  manager.MyListener - The element with locator-->By.xpath: //button[text()='Sign Out']was found
19:36:15  INFO  manager.MyListener - Start search element by locator--->By.cssSelector: a[href='/add']
19:36:15  INFO  manager.MyListener - The element with locator-->By.cssSelector: a[href='/add']was found
19:36:15  INFO  manager.MyListener - Start search element by locator--->By.cssSelector: [placeholder='Name']
19:36:15  INFO  manager.MyListener - The element with locator-->By.cssSelector: [placeholder='Name']was found
19:36:15  INFO  manager.MyListener - Start search element by locator--->By.cssSelector: [placeholder='Last Name']
19:36:15  INFO  manager.MyListener - The element with locator-->By.cssSelector: [placeholder='Last Name']was found
19:36:15  INFO  manager.MyListener - Start search element by locator--->By.cssSelector: [placeholder='Phone']
19:36:15  INFO  manager.MyListener - The element with locator-->By.cssSelector: [placeholder='Phone']was found
19:36:15  INFO  manager.MyListener - Start search element by locator--->By.cssSelector: [placeholder='email']
19:36:15  INFO  manager.MyListener - The element with locator-->By.cssSelector: [placeholder='email']was found
19:36:16  INFO  manager.MyListener - Start search element by locator--->By.cssSelector: [placeholder='Address']
19:36:16  INFO  manager.MyListener - The element with locator-->By.cssSelector: [placeholder='Address']was found
19:36:16  INFO  manager.MyListener - Start search element by locator--->By.cssSelector: [placeholder='description']
19:36:16  INFO  manager.MyListener - The element with locator-->By.cssSelector: [placeholder='description']was found
19:36:16  INFO  manager.MyListener - Start search element by locator--->By.xpath: (//button)[2]
19:36:16  INFO  manager.MyListener - The element with locator-->By.xpath: (//button)[2]was found
19:36:16  INFO  manager.MyListener - Start search element by locator--->By.cssSelector: .contact-page_leftdiv__yhyke
19:36:16  INFO  manager.MyListener - The element with locator-->By.cssSelector: .contact-page_leftdiv__yhykewas found
19:36:16  INFO  manager.MyListener - Start search element by locator--->By.cssSelector: .contact-item_card__2SOIM
19:36:16  INFO  manager.MyListener - The element with locator-->By.cssSelector: .contact-item_card__2SOIMwas found
19:36:16  INFO  manager.MyListener - Start search element by locator--->By.cssSelector: h3
19:36:16  INFO  manager.MyListener - The element with locator-->By.cssSelector: h3was found
19:36:16  INFO  tests.TestBase - *******************************************
