22:32:16  INFO  manager.ApplicationManager - Tests starts on Chrome Driver
22:32:18  INFO  tests.TestBase - Start test--->addNewContactTest
22:32:18  INFO  manager.MyListener - Start search element by locator--->By.xpath: //button[text()='Sign Out']
22:32:28  INFO  manager.MyListener - The element with locator-->By.xpath: //button[text()='Sign Out']was found
22:32:28  INFO  manager.MyListener - Start search element by locator--->By.xpath: //a[text()='LOGIN']
22:32:28  INFO  manager.MyListener - The element with locator-->By.xpath: //a[text()='LOGIN']was found
22:32:28  INFO  manager.MyListener - Start search element by locator--->By.xpath: //input[1]
22:32:28  INFO  manager.MyListener - The element with locator-->By.xpath: //input[1]was found
22:32:28  INFO  manager.MyListener - Start search element by locator--->By.xpath: //input[2]
22:32:28  INFO  manager.MyListener - The element with locator-->By.xpath: //input[2]was found
22:32:28  INFO  manager.MyListener - Start search element by locator--->By.xpath: //button[1]
22:32:28  INFO  manager.MyListener - The element with locator-->By.xpath: //button[1]was found
22:32:28  INFO  manager.MyListener - Start search element by locator--->By.cssSelector: a[href='/add']
22:32:30  INFO  manager.MyListener - The element with locator-->By.cssSelector: a[href='/add']was found
22:32:30  INFO  manager.MyListener - Start search element by locator--->By.cssSelector: [placeholder='Name']
22:32:30  INFO  manager.MyListener - The element with locator-->By.cssSelector: [placeholder='Name']was found
22:32:31  INFO  manager.MyListener - Start search element by locator--->By.cssSelector: [placeholder='Last Name']
22:32:31  INFO  manager.MyListener - The element with locator-->By.cssSelector: [placeholder='Last Name']was found
22:32:31  INFO  manager.MyListener - Start search element by locator--->By.cssSelector: [placeholder='Phone']
22:32:31  INFO  manager.MyListener - The element with locator-->By.cssSelector: [placeholder='Phone']was found
22:32:31  INFO  manager.MyListener - Start search element by locator--->By.cssSelector: [placeholder='email']
22:32:31  INFO  manager.MyListener - The element with locator-->By.cssSelector: [placeholder='email']was found
22:32:31  INFO  manager.MyListener - Start search element by locator--->By.cssSelector: [placeholder='Address']
22:32:31  INFO  manager.MyListener - The element with locator-->By.cssSelector: [placeholder='Address']was found
22:32:31  INFO  manager.MyListener - Start search element by locator--->By.cssSelector: [placeholder='description']
22:32:31  INFO  manager.MyListener - The element with locator-->By.cssSelector: [placeholder='description']was found
22:32:31  INFO  manager.MyListener - Start search element by locator--->By.xpath: (//button)[2]
22:32:31  INFO  manager.MyListener - The element with locator-->By.xpath: (//button)[2]was found
22:32:31  INFO  manager.MyListener - Start search element by locator--->By.cssSelector: .contact-page_leftdiv__yhyke
22:32:32  INFO  manager.MyListener - The element with locator-->By.cssSelector: .contact-page_leftdiv__yhykewas found
22:32:32  INFO  manager.MyListener - Start search element by locator--->By.cssSelector: .contact-item_card__2SOIM
22:32:32  INFO  manager.MyListener - The element with locator-->By.cssSelector: .contact-item_card__2SOIMwas found
22:32:32  INFO  tests.TestBase - *******************************************
22:32:32  INFO  tests.TestBase - Start test--->addNewContactTest
22:32:32  INFO  manager.MyListener - Start search element by locator--->By.xpath: //button[text()='Sign Out']
22:32:32  INFO  manager.MyListener - The element with locator-->By.xpath: //button[text()='Sign Out']was found
22:32:32  INFO  manager.MyListener - Start search element by locator--->By.cssSelector: a[href='/add']
22:32:32  INFO  manager.MyListener - The element with locator-->By.cssSelector: a[href='/add']was found
22:32:32  INFO  manager.MyListener - Start search element by locator--->By.cssSelector: [placeholder='Name']
22:32:32  INFO  manager.MyListener - The element with locator-->By.cssSelector: [placeholder='Name']was found
22:32:32  INFO  manager.MyListener - Start search element by locator--->By.cssSelector: [placeholder='Last Name']
22:32:32  INFO  manager.MyListener - The element with locator-->By.cssSelector: [placeholder='Last Name']was found
22:32:32  INFO  manager.MyListener - Start search element by locator--->By.cssSelector: [placeholder='Phone']
22:32:32  INFO  manager.MyListener - The element with locator-->By.cssSelector: [placeholder='Phone']was found
22:32:32  INFO  manager.MyListener - Start search element by locator--->By.cssSelector: [placeholder='email']
22:32:32  INFO  manager.MyListener - The element with locator-->By.cssSelector: [placeholder='email']was found
22:32:33  INFO  manager.MyListener - Start search element by locator--->By.cssSelector: [placeholder='Address']
22:32:33  INFO  manager.MyListener - The element with locator-->By.cssSelector: [placeholder='Address']was found
22:32:33  INFO  manager.MyListener - Start search element by locator--->By.cssSelector: [placeholder='description']
22:32:33  INFO  manager.MyListener - The element with locator-->By.cssSelector: [placeholder='description']was found
22:32:33  INFO  manager.MyListener - Start search element by locator--->By.xpath: (//button)[2]
22:32:33  INFO  manager.MyListener - The element with locator-->By.xpath: (//button)[2]was found
22:32:33  INFO  manager.MyListener - Start search element by locator--->By.cssSelector: .contact-page_leftdiv__yhyke
22:32:33  INFO  manager.MyListener - The element with locator-->By.cssSelector: .contact-page_leftdiv__yhykewas found
22:32:33  INFO  manager.MyListener - Start search element by locator--->By.cssSelector: .contact-item_card__2SOIM
22:32:33  INFO  manager.MyListener - The element with locator-->By.cssSelector: .contact-item_card__2SOIMwas found
22:32:34  INFO  tests.TestBase - *******************************************
22:32:34  INFO  tests.TestBase - Start test--->addNewContactTest
22:32:34  INFO  manager.MyListener - Start search element by locator--->By.xpath: //button[text()='Sign Out']
22:32:34  INFO  manager.MyListener - The element with locator-->By.xpath: //button[text()='Sign Out']was found
22:32:34  INFO  manager.MyListener - Start search element by locator--->By.cssSelector: a[href='/add']
22:32:34  INFO  manager.MyListener - The element with locator-->By.cssSelector: a[href='/add']was found
22:32:34  INFO  manager.MyListener - Start search element by locator--->By.cssSelector: [placeholder='Name']
22:32:34  INFO  manager.MyListener - The element with locator-->By.cssSelector: [placeholder='Name']was found
22:32:34  INFO  manager.MyListener - Start search element by locator--->By.cssSelector: [placeholder='Last Name']
22:32:34  INFO  manager.MyListener - The element with locator-->By.cssSelector: [placeholder='Last Name']was found
22:32:34  INFO  manager.MyListener - Start search element by locator--->By.cssSelector: [placeholder='Phone']
22:32:34  INFO  manager.MyListener - The element with locator-->By.cssSelector: [placeholder='Phone']was found
22:32:34  INFO  manager.MyListener - Start search element by locator--->By.cssSelector: [placeholder='email']
22:32:34  INFO  manager.MyListener - The element with locator-->By.cssSelector: [placeholder='email']was found
22:32:34  INFO  manager.MyListener - Start search element by locator--->By.cssSelector: [placeholder='Address']
22:32:34  INFO  manager.MyListener - The element with locator-->By.cssSelector: [placeholder='Address']was found
22:32:34  INFO  manager.MyListener - Start search element by locator--->By.cssSelector: [placeholder='description']
22:32:34  INFO  manager.MyListener - The element with locator-->By.cssSelector: [placeholder='description']was found
22:32:34  INFO  manager.MyListener - Start search element by locator--->By.xpath: (//button)[2]
22:32:34  INFO  manager.MyListener - The element with locator-->By.xpath: (//button)[2]was found
22:32:34  INFO  manager.MyListener - Start search element by locator--->By.cssSelector: .contact-page_leftdiv__yhyke
22:32:35  INFO  manager.MyListener - The element with locator-->By.cssSelector: .contact-page_leftdiv__yhykewas found
22:32:35  INFO  manager.MyListener - Start search element by locator--->By.cssSelector: .contact-item_card__2SOIM
22:32:35  INFO  manager.MyListener - The element with locator-->By.cssSelector: .contact-item_card__2SOIMwas found
22:32:35  INFO  tests.TestBase - *******************************************
22:32:35  INFO  tests.TestBase - Start test--->addNewContactTest
22:32:35  INFO  manager.MyListener - Start search element by locator--->By.xpath: //button[text()='Sign Out']
22:32:35  INFO  manager.MyListener - The element with locator-->By.xpath: //button[text()='Sign Out']was found
22:32:35  INFO  manager.MyListener - Start search element by locator--->By.cssSelector: a[href='/add']
22:32:35  INFO  manager.MyListener - The element with locator-->By.cssSelector: a[href='/add']was found
22:32:35  INFO  manager.MyListener - Start search element by locator--->By.cssSelector: [placeholder='Name']
22:32:35  INFO  manager.MyListener - The element with locator-->By.cssSelector: [placeholder='Name']was found
22:32:35  INFO  manager.MyListener - Start search element by locator--->By.cssSelector: [placeholder='Last Name']
22:32:35  INFO  manager.MyListener - The element with locator-->By.cssSelector: [placeholder='Last Name']was found
22:32:35  INFO  manager.MyListener - Start search element by locator--->By.cssSelector: [placeholder='Phone']
22:32:35  INFO  manager.MyListener - The element with locator-->By.cssSelector: [placeholder='Phone']was found
22:32:35  INFO  manager.MyListener - Start search element by locator--->By.cssSelector: [placeholder='email']
22:32:35  INFO  manager.MyListener - The element with locator-->By.cssSelector: [placeholder='email']was found
22:32:35  INFO  manager.MyListener - Start search element by locator--->By.cssSelector: [placeholder='Address']
22:32:35  INFO  manager.MyListener - The element with locator-->By.cssSelector: [placeholder='Address']was found
22:32:36  INFO  manager.MyListener - Start search element by locator--->By.cssSelector: [placeholder='description']
22:32:36  INFO  manager.MyListener - The element with locator-->By.cssSelector: [placeholder='description']was found
22:32:36  INFO  manager.MyListener - Start search element by locator--->By.xpath: (//button)[2]
22:32:36  INFO  manager.MyListener - The element with locator-->By.xpath: (//button)[2]was found
22:32:36  INFO  manager.MyListener - Start search element by locator--->By.cssSelector: .contact-page_leftdiv__yhyke
22:32:36  INFO  manager.MyListener - The element with locator-->By.cssSelector: .contact-page_leftdiv__yhykewas found
22:32:36  INFO  manager.MyListener - Start search element by locator--->By.cssSelector: .contact-item_card__2SOIM
22:32:36  INFO  manager.MyListener - The element with locator-->By.cssSelector: .contact-item_card__2SOIMwas found
22:32:36  INFO  tests.TestBase - *******************************************
22:32:51  INFO  manager.ApplicationManager - Tests starts on Chrome Driver
22:32:54  INFO  tests.TestBase - Start test--->removeAllContacts
22:32:54  INFO  manager.MyListener - Start search element by locator--->By.xpath: //button[text()='Sign Out']
22:33:04  INFO  manager.MyListener - The element with locator-->By.xpath: //button[text()='Sign Out']was found
22:33:04  INFO  manager.MyListener - Start search element by locator--->By.xpath: //a[text()='LOGIN']
22:33:04  INFO  manager.MyListener - The element with locator-->By.xpath: //a[text()='LOGIN']was found
22:33:04  INFO  manager.MyListener - Start search element by locator--->By.xpath: //input[1]
22:33:04  INFO  manager.MyListener - The element with locator-->By.xpath: //input[1]was found
22:33:04  INFO  manager.MyListener - Start search element by locator--->By.xpath: //input[2]
22:33:04  INFO  manager.MyListener - The element with locator-->By.xpath: //input[2]was found
22:33:04  INFO  manager.MyListener - Start search element by locator--->By.xpath: //button[1]
22:33:04  INFO  manager.MyListener - The element with locator-->By.xpath: //button[1]was found
22:33:04  INFO  manager.MyListener - Start search element by locator--->By.cssSelector: .contact-item_card__2SOIM
22:33:06  INFO  manager.MyListener - The element with locator-->By.cssSelector: .contact-item_card__2SOIMwas found
22:33:06  INFO  manager.MyListener - Start search element by locator--->By.cssSelector: .contact-item_card__2SOIM
22:33:06  INFO  manager.MyListener - The element with locator-->By.cssSelector: .contact-item_card__2SOIMwas found
22:33:07  INFO  manager.MyListener - Start search element by locator--->By.xpath: //button[text()='Remove']
22:33:07  INFO  manager.MyListener - The element with locator-->By.xpath: //button[text()='Remove']was found
22:33:07  INFO  manager.MyListener - Start search element by locator--->By.cssSelector: .contact-item_card__2SOIM
22:33:07  INFO  manager.MyListener - The element with locator-->By.cssSelector: .contact-item_card__2SOIMwas found
22:33:08  INFO  manager.MyListener - Start search element by locator--->By.cssSelector: .contact-item_card__2SOIM
22:33:08  INFO  manager.MyListener - The element with locator-->By.cssSelector: .contact-item_card__2SOIMwas found
22:33:08  INFO  manager.MyListener - Start search element by locator--->By.xpath: //button[text()='Remove']
22:33:08  INFO  manager.MyListener - The element with locator-->By.xpath: //button[text()='Remove']was found
22:33:09  INFO  manager.MyListener - Start search element by locator--->By.cssSelector: .contact-item_card__2SOIM
22:33:09  INFO  manager.MyListener - The element with locator-->By.cssSelector: .contact-item_card__2SOIMwas found
22:33:10  INFO  manager.MyListener - Start search element by locator--->By.cssSelector: .contact-item_card__2SOIM
22:33:10  INFO  manager.MyListener - The element with locator-->By.cssSelector: .contact-item_card__2SOIMwas found
22:33:10  INFO  manager.MyListener - Start search element by locator--->By.xpath: //button[text()='Remove']
22:33:10  INFO  manager.MyListener - The element with locator-->By.xpath: //button[text()='Remove']was found
22:33:11  INFO  manager.MyListener - Start search element by locator--->By.cssSelector: .contact-item_card__2SOIM
22:33:11  INFO  manager.MyListener - The element with locator-->By.cssSelector: .contact-item_card__2SOIMwas found
22:33:11  INFO  manager.MyListener - Start search element by locator--->By.cssSelector: .contact-item_card__2SOIM
22:33:11  INFO  manager.MyListener - The element with locator-->By.cssSelector: .contact-item_card__2SOIMwas found
22:33:12  INFO  manager.MyListener - Start search element by locator--->By.xpath: //button[text()='Remove']
22:33:12  INFO  manager.MyListener - The element with locator-->By.xpath: //button[text()='Remove']was found
22:33:12  INFO  manager.MyListener - Start search element by locator--->By.cssSelector: .contact-item_card__2SOIM
22:33:12  INFO  manager.MyListener - The element with locator-->By.cssSelector: .contact-item_card__2SOIMwas found
22:33:13  INFO  manager.MyListener - Start search element by locator--->By.cssSelector: .contact-item_card__2SOIM
22:33:23  INFO  manager.MyListener - The element with locator-->By.cssSelector: .contact-item_card__2SOIMwas found
22:33:23  INFO  tests.TestBase - *******************************************
