17:59:59  INFO  manager.ApplicationManager - Tests starts on Chrome Driver
18:00:01  INFO  tests.TestBase - Start test--->removeAllContacts
18:00:01  INFO  manager.MyListener - Start search element by locator--->By.xpath: //button[text()='Sign Out']
18:00:11  INFO  manager.MyListener - The element with locator-->By.xpath: //button[text()='Sign Out']was found
18:00:11  INFO  manager.MyListener - Start search element by locator--->By.xpath: //a[text()='LOGIN']
18:00:11  INFO  manager.MyListener - The element with locator-->By.xpath: //a[text()='LOGIN']was found
18:00:12  INFO  manager.MyListener - Start search element by locator--->By.xpath: //input[1]
18:00:12  INFO  manager.MyListener - The element with locator-->By.xpath: //input[1]was found
18:00:12  INFO  manager.MyListener - Start search element by locator--->By.xpath: //input[2]
18:00:12  INFO  manager.MyListener - The element with locator-->By.xpath: //input[2]was found
18:00:12  INFO  manager.MyListener - Start search element by locator--->By.xpath: //button[1]
18:00:12  INFO  manager.MyListener - The element with locator-->By.xpath: //button[1]was found
18:00:12  INFO  manager.MyListener - Start search element by locator--->By.cssSelector: .contact-item_card__2SOIM
18:00:14  INFO  manager.MyListener - The element with locator-->By.cssSelector: .contact-item_card__2SOIMwas found
18:00:14  INFO  manager.MyListener - Start search element by locator--->By.xpath: //button[text()='Remove']
18:00:14  INFO  manager.MyListener - The element with locator-->By.xpath: //button[text()='Remove']was found
18:00:14  INFO  manager.MyListener - Start search element by locator--->By.xpath: //button[text()='Remove']
18:00:14  INFO  manager.MyListener - The element with locator-->By.xpath: //button[text()='Remove']was found
18:00:19  INFO  manager.MyListener - Start search element by locator--->By.cssSelector: .contact-item_card__2SOIM
18:00:29  INFO  manager.MyListener - The element with locator-->By.cssSelector: .contact-item_card__2SOIMwas found
18:00:29  INFO  tests.TestBase - *******************************************
