20:14:46  INFO  manager.ApplicationManager - Tests starts on Chrome Driver
20:14:48  INFO  tests.TestBase - Start test--->loginTest
20:14:48  INFO  manager.MyListener - Start search element by locator--->By.xpath: //button[text()='Sign Out']
20:14:58  INFO  manager.MyListener - The element with locator-->By.xpath: //button[text()='Sign Out']was found
20:14:58  INFO  manager.MyListener - Start search element by locator--->By.xpath: //a[text()='LOGIN']
20:14:58  INFO  manager.MyListener - The element with locator-->By.xpath: //a[text()='LOGIN']was found
20:14:58  INFO  manager.MyListener - Start search element by locator--->By.xpath: //input[1]
20:14:58  INFO  manager.MyListener - The element with locator-->By.xpath: //input[1]was found
20:14:58  INFO  manager.MyListener - Start search element by locator--->By.xpath: //input[2]
20:14:58  INFO  manager.MyListener - The element with locator-->By.xpath: //input[2]was found
20:14:59  INFO  manager.MyListener - Start search element by locator--->By.xpath: //button[1]
20:14:59  INFO  manager.MyListener - The element with locator-->By.xpath: //button[1]was found
20:14:59  INFO  manager.MyListener - Start search element by locator--->By.xpath: //button[text()='Sign Out']
20:15:00  INFO  manager.MyListener - The element with locator-->By.xpath: //button[text()='Sign Out']was found
20:15:00  INFO  tests.TestBase - *******************************************
20:15:00  INFO  tests.TestBase - Start test--->loginTestModel
20:15:00  INFO  manager.MyListener - Start search element by locator--->By.xpath: //button[text()='Sign Out']
20:15:00  INFO  manager.MyListener - The element with locator-->By.xpath: //button[text()='Sign Out']was found
20:15:00  INFO  manager.MyListener - Start search element by locator--->By.xpath: //button[text()='Sign Out']
20:15:00  INFO  manager.MyListener - The element with locator-->By.xpath: //button[text()='Sign Out']was found
20:15:00  INFO  manager.MyListener - Start search element by locator--->By.xpath: //a[text()='LOGIN']
20:15:00  INFO  manager.MyListener - The element with locator-->By.xpath: //a[text()='LOGIN']was found
20:15:00  INFO  manager.MyListener - Start search element by locator--->By.xpath: //input[1]
20:15:00  INFO  manager.MyListener - The element with locator-->By.xpath: //input[1]was found
20:15:00  INFO  manager.MyListener - Start search element by locator--->By.xpath: //input[2]
20:15:00  INFO  manager.MyListener - The element with locator-->By.xpath: //input[2]was found
20:15:00  INFO  manager.MyListener - Start search element by locator--->By.xpath: //button[1]
20:15:00  INFO  manager.MyListener - The element with locator-->By.xpath: //button[1]was found
20:15:00  INFO  manager.MyListener - Start search element by locator--->By.xpath: //button[text()='Sign Out']
20:15:00  INFO  manager.MyListener - The element with locator-->By.xpath: //button[text()='Sign Out']was found
20:15:00  INFO  tests.TestBase - *******************************************
20:15:00  INFO  tests.TestBase - Start test--->addNewContactTest
20:15:00  INFO  manager.MyListener - Start search element by locator--->By.xpath: //button[text()='Sign Out']
20:15:00  INFO  manager.MyListener - The element with locator-->By.xpath: //button[text()='Sign Out']was found
20:15:00  INFO  manager.MyListener - Start search element by locator--->By.cssSelector: a[href='/add']
20:15:00  INFO  manager.MyListener - The element with locator-->By.cssSelector: a[href='/add']was found
20:15:01  INFO  manager.MyListener - Start search element by locator--->By.cssSelector: [placeholder='Name']
20:15:01  INFO  manager.MyListener - The element with locator-->By.cssSelector: [placeholder='Name']was found
20:15:01  INFO  manager.MyListener - Start search element by locator--->By.cssSelector: [placeholder='Last Name']
20:15:01  INFO  manager.MyListener - The element with locator-->By.cssSelector: [placeholder='Last Name']was found
20:15:01  INFO  manager.MyListener - Start search element by locator--->By.cssSelector: [placeholder='Phone']
20:15:01  INFO  manager.MyListener - The element with locator-->By.cssSelector: [placeholder='Phone']was found
20:15:01  INFO  manager.MyListener - Start search element by locator--->By.cssSelector: [placeholder='email']
20:15:01  INFO  manager.MyListener - The element with locator-->By.cssSelector: [placeholder='email']was found
20:15:01  INFO  manager.MyListener - Start search element by locator--->By.cssSelector: [placeholder='Address']
20:15:01  INFO  manager.MyListener - The element with locator-->By.cssSelector: [placeholder='Address']was found
20:15:01  INFO  manager.MyListener - Start search element by locator--->By.cssSelector: [placeholder='description']
20:15:01  INFO  manager.MyListener - The element with locator-->By.cssSelector: [placeholder='description']was found
20:15:01  INFO  manager.MyListener - Start search element by locator--->By.xpath: (//button)[2]
20:15:02  INFO  manager.MyListener - The element with locator-->By.xpath: (//button)[2]was found
20:15:02  INFO  manager.MyListener - Start search element by locator--->By.cssSelector: .contact-page_leftdiv__yhyke
20:15:02  INFO  manager.MyListener - The element with locator-->By.cssSelector: .contact-page_leftdiv__yhykewas found
20:15:02  INFO  manager.MyListener - Start search element by locator--->By.cssSelector: .contact-item_card__2SOIM
20:15:02  INFO  manager.MyListener - The element with locator-->By.cssSelector: .contact-item_card__2SOIMwas found
20:15:02  INFO  manager.MyListener - Start search element by locator--->By.cssSelector: h3
20:15:02  INFO  manager.MyListener - The element with locator-->By.cssSelector: h3was found
20:15:02  INFO  tests.TestBase - *******************************************
20:15:02  INFO  tests.TestBase - Start test--->addNewContactTest
20:15:02  INFO  manager.MyListener - Start search element by locator--->By.xpath: //button[text()='Sign Out']
20:15:02  INFO  manager.MyListener - The element with locator-->By.xpath: //button[text()='Sign Out']was found
20:15:02  INFO  manager.MyListener - Start search element by locator--->By.cssSelector: a[href='/add']
20:15:02  INFO  manager.MyListener - The element with locator-->By.cssSelector: a[href='/add']was found
20:15:02  INFO  manager.MyListener - Start search element by locator--->By.cssSelector: [placeholder='Name']
20:15:02  INFO  manager.MyListener - The element with locator-->By.cssSelector: [placeholder='Name']was found
20:15:02  INFO  manager.MyListener - Start search element by locator--->By.cssSelector: [placeholder='Last Name']
20:15:02  INFO  manager.MyListener - The element with locator-->By.cssSelector: [placeholder='Last Name']was found
20:15:03  INFO  manager.MyListener - Start search element by locator--->By.cssSelector: [placeholder='Phone']
20:15:03  INFO  manager.MyListener - The element with locator-->By.cssSelector: [placeholder='Phone']was found
20:15:03  INFO  manager.MyListener - Start search element by locator--->By.cssSelector: [placeholder='email']
20:15:03  INFO  manager.MyListener - The element with locator-->By.cssSelector: [placeholder='email']was found
20:15:03  INFO  manager.MyListener - Start search element by locator--->By.cssSelector: [placeholder='Address']
20:15:03  INFO  manager.MyListener - The element with locator-->By.cssSelector: [placeholder='Address']was found
20:15:03  INFO  manager.MyListener - Start search element by locator--->By.cssSelector: [placeholder='description']
20:15:03  INFO  manager.MyListener - The element with locator-->By.cssSelector: [placeholder='description']was found
20:15:03  INFO  manager.MyListener - Start search element by locator--->By.xpath: (//button)[2]
20:15:03  INFO  manager.MyListener - The element with locator-->By.xpath: (//button)[2]was found
20:15:03  INFO  manager.MyListener - Start search element by locator--->By.cssSelector: .contact-page_leftdiv__yhyke
20:15:03  INFO  manager.MyListener - The element with locator-->By.cssSelector: .contact-page_leftdiv__yhykewas found
20:15:03  INFO  manager.MyListener - Start search element by locator--->By.cssSelector: .contact-item_card__2SOIM
20:15:03  INFO  manager.MyListener - The element with locator-->By.cssSelector: .contact-item_card__2SOIMwas found
20:15:04  INFO  manager.MyListener - Start search element by locator--->By.cssSelector: h3
20:15:04  INFO  manager.MyListener - The element with locator-->By.cssSelector: h3was found
20:15:04  INFO  tests.TestBase - *******************************************
20:15:04  INFO  tests.TestBase - Start test--->addNewContactTest
20:15:04  INFO  manager.MyListener - Start search element by locator--->By.xpath: //button[text()='Sign Out']
20:15:04  INFO  manager.MyListener - The element with locator-->By.xpath: //button[text()='Sign Out']was found
20:15:04  INFO  manager.MyListener - Start search element by locator--->By.cssSelector: a[href='/add']
20:15:04  INFO  manager.MyListener - The element with locator-->By.cssSelector: a[href='/add']was found
20:15:04  INFO  manager.MyListener - Start search element by locator--->By.cssSelector: [placeholder='Name']
20:15:04  INFO  manager.MyListener - The element with locator-->By.cssSelector: [placeholder='Name']was found
20:15:04  INFO  manager.MyListener - Start search element by locator--->By.cssSelector: [placeholder='Last Name']
20:15:04  INFO  manager.MyListener - The element with locator-->By.cssSelector: [placeholder='Last Name']was found
20:15:04  INFO  manager.MyListener - Start search element by locator--->By.cssSelector: [placeholder='Phone']
20:15:04  INFO  manager.MyListener - The element with locator-->By.cssSelector: [placeholder='Phone']was found
20:15:04  INFO  manager.MyListener - Start search element by locator--->By.cssSelector: [placeholder='email']
20:15:04  INFO  manager.MyListener - The element with locator-->By.cssSelector: [placeholder='email']was found
20:15:04  INFO  manager.MyListener - Start search element by locator--->By.cssSelector: [placeholder='Address']
20:15:04  INFO  manager.MyListener - The element with locator-->By.cssSelector: [placeholder='Address']was found
20:15:04  INFO  manager.MyListener - Start search element by locator--->By.cssSelector: [placeholder='description']
20:15:04  INFO  manager.MyListener - The element with locator-->By.cssSelector: [placeholder='description']was found
20:15:04  INFO  manager.MyListener - Start search element by locator--->By.xpath: (//button)[2]
20:15:04  INFO  manager.MyListener - The element with locator-->By.xpath: (//button)[2]was found
20:15:04  INFO  manager.MyListener - Start search element by locator--->By.cssSelector: .contact-page_leftdiv__yhyke
20:15:05  INFO  manager.MyListener - The element with locator-->By.cssSelector: .contact-page_leftdiv__yhykewas found
20:15:05  INFO  manager.MyListener - Start search element by locator--->By.cssSelector: .contact-item_card__2SOIM
20:15:05  INFO  manager.MyListener - The element with locator-->By.cssSelector: .contact-item_card__2SOIMwas found
20:15:05  INFO  manager.MyListener - Start search element by locator--->By.cssSelector: h3
20:15:05  INFO  manager.MyListener - The element with locator-->By.cssSelector: h3was found
20:15:05  INFO  tests.TestBase - *******************************************
20:15:05  INFO  tests.TestBase - Start test--->addNewContactTest
20:15:05  INFO  manager.MyListener - Start search element by locator--->By.xpath: //button[text()='Sign Out']
20:15:05  INFO  manager.MyListener - The element with locator-->By.xpath: //button[text()='Sign Out']was found
20:15:05  INFO  manager.MyListener - Start search element by locator--->By.cssSelector: a[href='/add']
20:15:05  INFO  manager.MyListener - The element with locator-->By.cssSelector: a[href='/add']was found
20:15:05  INFO  manager.MyListener - Start search element by locator--->By.cssSelector: [placeholder='Name']
20:15:05  INFO  manager.MyListener - The element with locator-->By.cssSelector: [placeholder='Name']was found
20:15:05  INFO  manager.MyListener - Start search element by locator--->By.cssSelector: [placeholder='Last Name']
20:15:05  INFO  manager.MyListener - The element with locator-->By.cssSelector: [placeholder='Last Name']was found
20:15:05  INFO  manager.MyListener - Start search element by locator--->By.cssSelector: [placeholder='Phone']
20:15:05  INFO  manager.MyListener - The element with locator-->By.cssSelector: [placeholder='Phone']was found
20:15:05  INFO  manager.MyListener - Start search element by locator--->By.cssSelector: [placeholder='email']
20:15:05  INFO  manager.MyListener - The element with locator-->By.cssSelector: [placeholder='email']was found
20:15:06  INFO  manager.MyListener - Start search element by locator--->By.cssSelector: [placeholder='Address']
20:15:06  INFO  manager.MyListener - The element with locator-->By.cssSelector: [placeholder='Address']was found
20:15:06  INFO  manager.MyListener - Start search element by locator--->By.cssSelector: [placeholder='description']
20:15:06  INFO  manager.MyListener - The element with locator-->By.cssSelector: [placeholder='description']was found
20:15:06  INFO  manager.MyListener - Start search element by locator--->By.xpath: (//button)[2]
20:15:06  INFO  manager.MyListener - The element with locator-->By.xpath: (//button)[2]was found
20:15:06  INFO  manager.MyListener - Start search element by locator--->By.cssSelector: .contact-page_leftdiv__yhyke
20:15:06  INFO  manager.MyListener - The element with locator-->By.cssSelector: .contact-page_leftdiv__yhykewas found
20:15:06  INFO  manager.MyListener - Start search element by locator--->By.cssSelector: .contact-item_card__2SOIM
20:15:06  INFO  manager.MyListener - The element with locator-->By.cssSelector: .contact-item_card__2SOIMwas found
20:15:06  INFO  manager.MyListener - Start search element by locator--->By.cssSelector: h3
20:15:06  INFO  manager.MyListener - The element with locator-->By.cssSelector: h3was found
20:15:06  INFO  tests.TestBase - *******************************************
