20:38:12  INFO  manager.ApplicationManager - Tests starts on Chrome Driver
20:38:14  INFO  tests.TestBase - Start test--->addNewContactTest
20:38:14  INFO  manager.MyListener - Start search element by locator--->By.xpath: //button[text()='Sign Out']
20:38:24  INFO  manager.MyListener - The element with locator-->By.xpath: //button[text()='Sign Out']was found
20:38:24  INFO  manager.MyListener - Start search element by locator--->By.xpath: //a[text()='LOGIN']
20:38:24  INFO  manager.MyListener - The element with locator-->By.xpath: //a[text()='LOGIN']was found
20:38:24  INFO  manager.MyListener - Start search element by locator--->By.xpath: //input[1]
20:38:24  INFO  manager.MyListener - The element with locator-->By.xpath: //input[1]was found
20:38:25  INFO  manager.MyListener - Start search element by locator--->By.xpath: //input[2]
20:38:25  INFO  manager.MyListener - The element with locator-->By.xpath: //input[2]was found
20:38:25  INFO  manager.MyListener - Start search element by locator--->By.xpath: //button[1]
20:38:25  INFO  manager.MyListener - The element with locator-->By.xpath: //button[1]was found
20:38:25  INFO  manager.MyListener - Start search element by locator--->By.cssSelector: a[href='/add']
20:38:26  INFO  manager.MyListener - The element with locator-->By.cssSelector: a[href='/add']was found
20:38:26  INFO  manager.MyListener - Start search element by locator--->By.cssSelector: [placeholder='Name']
20:38:26  INFO  manager.MyListener - The element with locator-->By.cssSelector: [placeholder='Name']was found
20:38:26  INFO  manager.MyListener - Start search element by locator--->By.cssSelector: [placeholder='Last Name']
20:38:26  INFO  manager.MyListener - The element with locator-->By.cssSelector: [placeholder='Last Name']was found
20:38:26  INFO  manager.MyListener - Start search element by locator--->By.cssSelector: [placeholder='Phone']
20:38:27  INFO  manager.MyListener - The element with locator-->By.cssSelector: [placeholder='Phone']was found
20:38:27  INFO  manager.MyListener - Start search element by locator--->By.cssSelector: [placeholder='email']
20:38:27  INFO  manager.MyListener - The element with locator-->By.cssSelector: [placeholder='email']was found
20:38:27  INFO  manager.MyListener - Start search element by locator--->By.cssSelector: [placeholder='Address']
20:38:27  INFO  manager.MyListener - The element with locator-->By.cssSelector: [placeholder='Address']was found
20:38:27  INFO  manager.MyListener - Start search element by locator--->By.cssSelector: [placeholder='description']
20:38:27  INFO  manager.MyListener - The element with locator-->By.cssSelector: [placeholder='description']was found
20:38:27  INFO  manager.MyListener - Start search element by locator--->By.xpath: (//button)[2]
20:38:27  INFO  manager.MyListener - The element with locator-->By.xpath: (//button)[2]was found
20:38:27  INFO  manager.MyListener - Start search element by locator--->By.cssSelector: .contact-page_leftdiv__yhyke
20:38:28  INFO  manager.MyListener - The element with locator-->By.cssSelector: .contact-page_leftdiv__yhykewas found
20:38:28  INFO  manager.MyListener - Start search element by locator--->By.xpath: div[@class='contact-item_card__2SOIM']
20:38:38  INFO  manager.MyListener - The element with locator-->By.xpath: div[@class='contact-item_card__2SOIM']was found
20:38:38  INFO  tests.TestBase - *******************************************
20:38:38  INFO  tests.TestBase - Start test--->addNewContactTest
20:38:38  INFO  manager.MyListener - Start search element by locator--->By.xpath: //button[text()='Sign Out']
20:38:38  INFO  manager.MyListener - The element with locator-->By.xpath: //button[text()='Sign Out']was found
20:38:38  INFO  manager.MyListener - Start search element by locator--->By.cssSelector: a[href='/add']
20:38:38  INFO  manager.MyListener - The element with locator-->By.cssSelector: a[href='/add']was found
20:38:38  INFO  manager.MyListener - Start search element by locator--->By.cssSelector: [placeholder='Name']
20:38:38  INFO  manager.MyListener - The element with locator-->By.cssSelector: [placeholder='Name']was found
20:38:38  INFO  manager.MyListener - Start search element by locator--->By.cssSelector: [placeholder='Last Name']
20:38:38  INFO  manager.MyListener - The element with locator-->By.cssSelector: [placeholder='Last Name']was found
20:38:38  INFO  manager.MyListener - Start search element by locator--->By.cssSelector: [placeholder='Phone']
20:38:38  INFO  manager.MyListener - The element with locator-->By.cssSelector: [placeholder='Phone']was found
20:38:39  INFO  manager.MyListener - Start search element by locator--->By.cssSelector: [placeholder='email']
20:38:39  INFO  manager.MyListener - The element with locator-->By.cssSelector: [placeholder='email']was found
20:38:39  INFO  manager.MyListener - Start search element by locator--->By.cssSelector: [placeholder='Address']
20:38:39  INFO  manager.MyListener - The element with locator-->By.cssSelector: [placeholder='Address']was found
20:38:39  INFO  manager.MyListener - Start search element by locator--->By.cssSelector: [placeholder='description']
20:38:39  INFO  manager.MyListener - The element with locator-->By.cssSelector: [placeholder='description']was found
20:38:39  INFO  manager.MyListener - Start search element by locator--->By.xpath: (//button)[2]
20:38:39  INFO  manager.MyListener - The element with locator-->By.xpath: (//button)[2]was found
20:38:39  INFO  manager.MyListener - Start search element by locator--->By.cssSelector: .contact-page_leftdiv__yhyke
20:38:40  INFO  manager.MyListener - The element with locator-->By.cssSelector: .contact-page_leftdiv__yhykewas found
20:38:40  INFO  manager.MyListener - Start search element by locator--->By.xpath: div[@class='contact-item_card__2SOIM']
20:38:50  INFO  manager.MyListener - The element with locator-->By.xpath: div[@class='contact-item_card__2SOIM']was found
20:38:50  INFO  tests.TestBase - *******************************************
20:38:50  INFO  tests.TestBase - Start test--->addNewContactTest
20:38:50  INFO  manager.MyListener - Start search element by locator--->By.xpath: //button[text()='Sign Out']
20:38:50  INFO  manager.MyListener - The element with locator-->By.xpath: //button[text()='Sign Out']was found
20:38:50  INFO  manager.MyListener - Start search element by locator--->By.cssSelector: a[href='/add']
20:38:50  INFO  manager.MyListener - The element with locator-->By.cssSelector: a[href='/add']was found
20:38:50  INFO  manager.MyListener - Start search element by locator--->By.cssSelector: [placeholder='Name']
20:38:50  INFO  manager.MyListener - The element with locator-->By.cssSelector: [placeholder='Name']was found
20:38:50  INFO  manager.MyListener - Start search element by locator--->By.cssSelector: [placeholder='Last Name']
20:38:50  INFO  manager.MyListener - The element with locator-->By.cssSelector: [placeholder='Last Name']was found
20:38:50  INFO  manager.MyListener - Start search element by locator--->By.cssSelector: [placeholder='Phone']
20:38:50  INFO  manager.MyListener - The element with locator-->By.cssSelector: [placeholder='Phone']was found
20:38:50  INFO  manager.MyListener - Start search element by locator--->By.cssSelector: [placeholder='email']
20:38:50  INFO  manager.MyListener - The element with locator-->By.cssSelector: [placeholder='email']was found
20:38:51  INFO  manager.MyListener - Start search element by locator--->By.cssSelector: [placeholder='Address']
20:38:51  INFO  manager.MyListener - The element with locator-->By.cssSelector: [placeholder='Address']was found
20:38:51  INFO  manager.MyListener - Start search element by locator--->By.cssSelector: [placeholder='description']
20:38:51  INFO  manager.MyListener - The element with locator-->By.cssSelector: [placeholder='description']was found
20:38:51  INFO  manager.MyListener - Start search element by locator--->By.xpath: (//button)[2]
20:38:51  INFO  manager.MyListener - The element with locator-->By.xpath: (//button)[2]was found
20:38:51  INFO  manager.MyListener - Start search element by locator--->By.cssSelector: .contact-page_leftdiv__yhyke
20:38:52  INFO  manager.MyListener - The element with locator-->By.cssSelector: .contact-page_leftdiv__yhykewas found
20:38:52  INFO  manager.MyListener - Start search element by locator--->By.xpath: div[@class='contact-item_card__2SOIM']
20:39:02  INFO  manager.MyListener - The element with locator-->By.xpath: div[@class='contact-item_card__2SOIM']was found
20:39:02  INFO  tests.TestBase - *******************************************
20:39:02  INFO  tests.TestBase - Start test--->addNewContactTest
20:39:02  INFO  manager.MyListener - Start search element by locator--->By.xpath: //button[text()='Sign Out']
20:39:02  INFO  manager.MyListener - The element with locator-->By.xpath: //button[text()='Sign Out']was found
20:39:02  INFO  manager.MyListener - Start search element by locator--->By.cssSelector: a[href='/add']
20:39:02  INFO  manager.MyListener - The element with locator-->By.cssSelector: a[href='/add']was found
20:39:02  INFO  manager.MyListener - Start search element by locator--->By.cssSelector: [placeholder='Name']
20:39:02  INFO  manager.MyListener - The element with locator-->By.cssSelector: [placeholder='Name']was found
20:39:02  INFO  manager.MyListener - Start search element by locator--->By.cssSelector: [placeholder='Last Name']
20:39:02  INFO  manager.MyListener - The element with locator-->By.cssSelector: [placeholder='Last Name']was found
20:39:02  INFO  manager.MyListener - Start search element by locator--->By.cssSelector: [placeholder='Phone']
20:39:02  INFO  manager.MyListener - The element with locator-->By.cssSelector: [placeholder='Phone']was found
20:39:02  INFO  manager.MyListener - Start search element by locator--->By.cssSelector: [placeholder='email']
20:39:02  INFO  manager.MyListener - The element with locator-->By.cssSelector: [placeholder='email']was found
20:39:02  INFO  manager.MyListener - Start search element by locator--->By.cssSelector: [placeholder='Address']
20:39:02  INFO  manager.MyListener - The element with locator-->By.cssSelector: [placeholder='Address']was found
20:39:02  INFO  manager.MyListener - Start search element by locator--->By.cssSelector: [placeholder='description']
20:39:02  INFO  manager.MyListener - The element with locator-->By.cssSelector: [placeholder='description']was found
20:39:02  INFO  manager.MyListener - Start search element by locator--->By.xpath: (//button)[2]
20:39:03  INFO  manager.MyListener - The element with locator-->By.xpath: (//button)[2]was found
20:39:03  INFO  manager.MyListener - Start search element by locator--->By.cssSelector: .contact-page_leftdiv__yhyke
20:39:03  INFO  manager.MyListener - The element with locator-->By.cssSelector: .contact-page_leftdiv__yhykewas found
20:39:03  INFO  manager.MyListener - Start search element by locator--->By.xpath: div[@class='contact-item_card__2SOIM']
20:39:13  INFO  manager.MyListener - The element with locator-->By.xpath: div[@class='contact-item_card__2SOIM']was found
20:39:13  INFO  tests.TestBase - *******************************************
