22:10:31  INFO  manager.ApplicationManager - Tests starts on Chrome Driver
22:10:40  INFO  tests.TestBase - Start test--->removeAllContacts
22:10:40  INFO  manager.MyListener - Start search element by locator--->By.xpath: //button[text()='Sign Out']
22:10:50  INFO  manager.MyListener - The element with locator-->By.xpath: //button[text()='Sign Out']was found
22:10:50  INFO  manager.MyListener - Start search element by locator--->By.xpath: //a[text()='LOGIN']
22:10:50  INFO  manager.MyListener - The element with locator-->By.xpath: //a[text()='LOGIN']was found
22:10:50  INFO  manager.MyListener - Start search element by locator--->By.xpath: //input[1]
22:10:50  INFO  manager.MyListener - The element with locator-->By.xpath: //input[1]was found
22:10:50  INFO  manager.MyListener - Start search element by locator--->By.xpath: //input[2]
22:10:50  INFO  manager.MyListener - The element with locator-->By.xpath: //input[2]was found
22:10:50  INFO  manager.MyListener - Start search element by locator--->By.xpath: //button[1]
22:10:50  INFO  manager.MyListener - The element with locator-->By.xpath: //button[1]was found
22:11:34  INFO  manager.MyListener - Start search element by locator--->By.cssSelector: .contact-item_card__2SOIM
22:11:34  INFO  manager.MyListener - The element with locator-->By.cssSelector: .contact-item_card__2SOIMwas found
22:18:52  INFO  manager.MyListener - Start search element by locator--->By.xpath: //button[text()='Remove']
22:18:52  INFO  manager.MyListener - The element with locator-->By.xpath: //button[text()='Remove']was found
22:20:07  INFO  manager.MyListener - Start search element by locator--->By.xpath: //button[text()='Remove']
22:20:07  INFO  manager.MyListener - The element with locator-->By.xpath: //button[text()='Remove']was found
22:20:33  INFO  manager.MyListener - Start search element by locator--->By.xpath: //button[text()='Remove']
22:20:33  INFO  manager.MyListener - The element with locator-->By.xpath: //button[text()='Remove']was found
22:21:13  INFO  manager.MyListener - Start search element by locator--->By.xpath: //button[text()='Remove']
22:21:13  INFO  manager.MyListener - The element with locator-->By.xpath: //button[text()='Remove']was found
22:21:23  INFO  manager.MyListener - Start search element by locator--->By.xpath: //button[text()='Remove']
22:21:23  INFO  manager.MyListener - The element with locator-->By.xpath: //button[text()='Remove']was found
22:21:31  INFO  manager.MyListener - Start search element by locator--->By.xpath: //button[text()='Remove']
22:21:31  INFO  manager.MyListener - The element with locator-->By.xpath: //button[text()='Remove']was found
22:21:40  INFO  manager.MyListener - Start search element by locator--->By.xpath: //button[text()='Remove']
22:21:40  INFO  manager.MyListener - The element with locator-->By.xpath: //button[text()='Remove']was found
22:22:00  INFO  manager.MyListener - Start search element by locator--->By.xpath: //button[text()='Remove']
22:22:00  INFO  manager.MyListener - The element with locator-->By.xpath: //button[text()='Remove']was found
22:22:02  ERROR manager.MyListener - Something went wrong!
22:22:02  ERROR manager.MyListener - stale element reference: element is not attached to the page document
  (Session info: chrome=95.0.4638.69)
For documentation on this error, please visit: https://www.seleniumhq.org/exceptions/stale_element_reference.html
Build info: version: '3.141.59', revision: 'e82be7d358', time: '2018-11-14T08:17:03'
System info: host: 'LAPTOP-44JBEN25', ip: '172.20.10.2', os.name: 'Windows 10', os.arch: 'amd64', os.version: '10.0', java.version: '1.8.0_301'
Driver info: org.openqa.selenium.chrome.ChromeDriver
Capabilities {acceptInsecureCerts: false, browserName: chrome, browserVersion: 95.0.4638.69, chrome: {chromedriverVersion: 94.0.4606.61 (418b78f5838ed..., userDataDir: C:\Users\gorbu\AppData\Loca...}, goog:chromeOptions: {debuggerAddress: localhost:57042}, javascriptEnabled: true, networkConnectionEnabled: false, pageLoadStrategy: normal, platform: WINDOWS, platformName: WINDOWS, proxy: Proxy(), setWindowRect: true, strictFileInteractability: false, timeouts: {implicit: 0, pageLoad: 300000, script: 30000}, unhandledPromptBehavior: dismiss and notify, webauthn:extension:credBlob: true, webauthn:extension:largeBlob: true, webauthn:virtualAuthenticators: true}
Session ID: 95099f9f1f2a0503b7c27a5f9828ced9
22:22:02  ERROR manager.MyListener - org.openqa.selenium.StaleElementReferenceException: stale element reference: element is not attached to the page document
  (Session info: chrome=95.0.4638.69)
For documentation on this error, please visit: https://www.seleniumhq.org/exceptions/stale_element_reference.html
Build info: version: '3.141.59', revision: 'e82be7d358', time: '2018-11-14T08:17:03'
System info: host: 'LAPTOP-44JBEN25', ip: '172.20.10.2', os.name: 'Windows 10', os.arch: 'amd64', os.version: '10.0', java.version: '1.8.0_301'
Driver info: org.openqa.selenium.chrome.ChromeDriver
Capabilities {acceptInsecureCerts: false, browserName: chrome, browserVersion: 95.0.4638.69, chrome: {chromedriverVersion: 94.0.4606.61 (418b78f5838ed..., userDataDir: C:\Users\gorbu\AppData\Loca...}, goog:chromeOptions: {debuggerAddress: localhost:57042}, javascriptEnabled: true, networkConnectionEnabled: false, pageLoadStrategy: normal, platform: WINDOWS, platformName: WINDOWS, proxy: Proxy(), setWindowRect: true, strictFileInteractability: false, timeouts: {implicit: 0, pageLoad: 300000, script: 30000}, unhandledPromptBehavior: dismiss and notify, webauthn:extension:credBlob: true, webauthn:extension:largeBlob: true, webauthn:virtualAuthenticators: true}
Session ID: 95099f9f1f2a0503b7c27a5f9828ced9
22:22:03  INFO  manager.MyListener - This link to the screenshot with error-->src/test/screenshots/screenshot-1322.png
22:23:41  ERROR manager.MyListener - Something went wrong!
22:23:42  ERROR manager.MyListener - stale element reference: element is not attached to the page document
  (Session info: chrome=95.0.4638.69)
For documentation on this error, please visit: https://www.seleniumhq.org/exceptions/stale_element_reference.html
Build info: version: '3.141.59', revision: 'e82be7d358', time: '2018-11-14T08:17:03'
System info: host: 'LAPTOP-44JBEN25', ip: '172.20.10.2', os.name: 'Windows 10', os.arch: 'amd64', os.version: '10.0', java.version: '1.8.0_301'
Driver info: org.openqa.selenium.chrome.ChromeDriver
Capabilities {acceptInsecureCerts: false, browserName: chrome, browserVersion: 95.0.4638.69, chrome: {chromedriverVersion: 94.0.4606.61 (418b78f5838ed..., userDataDir: C:\Users\gorbu\AppData\Loca...}, goog:chromeOptions: {debuggerAddress: localhost:57042}, javascriptEnabled: true, networkConnectionEnabled: false, pageLoadStrategy: normal, platform: WINDOWS, platformName: WINDOWS, proxy: Proxy(), setWindowRect: true, strictFileInteractability: false, timeouts: {implicit: 0, pageLoad: 300000, script: 30000}, unhandledPromptBehavior: dismiss and notify, webauthn:extension:credBlob: true, webauthn:extension:largeBlob: true, webauthn:virtualAuthenticators: true}
Session ID: 95099f9f1f2a0503b7c27a5f9828ced9
22:23:42  ERROR manager.MyListener - org.openqa.selenium.StaleElementReferenceException: stale element reference: element is not attached to the page document
  (Session info: chrome=95.0.4638.69)
For documentation on this error, please visit: https://www.seleniumhq.org/exceptions/stale_element_reference.html
Build info: version: '3.141.59', revision: 'e82be7d358', time: '2018-11-14T08:17:03'
System info: host: 'LAPTOP-44JBEN25', ip: '172.20.10.2', os.name: 'Windows 10', os.arch: 'amd64', os.version: '10.0', java.version: '1.8.0_301'
Driver info: org.openqa.selenium.chrome.ChromeDriver
Capabilities {acceptInsecureCerts: false, browserName: chrome, browserVersion: 95.0.4638.69, chrome: {chromedriverVersion: 94.0.4606.61 (418b78f5838ed..., userDataDir: C:\Users\gorbu\AppData\Loca...}, goog:chromeOptions: {debuggerAddress: localhost:57042}, javascriptEnabled: true, networkConnectionEnabled: false, pageLoadStrategy: normal, platform: WINDOWS, platformName: WINDOWS, proxy: Proxy(), setWindowRect: true, strictFileInteractability: false, timeouts: {implicit: 0, pageLoad: 300000, script: 30000}, unhandledPromptBehavior: dismiss and notify, webauthn:extension:credBlob: true, webauthn:extension:largeBlob: true, webauthn:virtualAuthenticators: true}
Session ID: 95099f9f1f2a0503b7c27a5f9828ced9
22:23:43  INFO  manager.MyListener - This link to the screenshot with error-->src/test/screenshots/screenshot-1422.png
