16:46:29  INFO  manager.ApplicationManager - Tests starts on Chrome Driver
16:46:34  INFO  tests.TestBase - Start test--->loginTest
16:46:34  INFO  manager.MyListener - Start search element by locator--->By.xpath: //button[text()='Sign Out']
16:46:44  INFO  manager.MyListener - The element with locator-->By.xpath: //button[text()='Sign Out']was found
16:46:44  INFO  manager.MyListener - Start search element by locator--->By.xpath: //a[text()='LOGIN']
16:46:44  INFO  manager.MyListener - The element with locator-->By.xpath: //a[text()='LOGIN']was found
16:46:44  INFO  manager.MyListener - Start search element by locator--->By.xpath: //input[1]
16:46:44  INFO  manager.MyListener - The element with locator-->By.xpath: //input[1]was found
16:46:44  INFO  manager.MyListener - Start search element by locator--->By.xpath: //input[2]
16:46:44  INFO  manager.MyListener - The element with locator-->By.xpath: //input[2]was found
16:46:44  INFO  manager.MyListener - Start search element by locator--->By.xpath: //button[1]
16:46:44  INFO  manager.MyListener - The element with locator-->By.xpath: //button[1]was found
16:46:44  INFO  manager.MyListener - Start search element by locator--->By.xpath: //button[text()='Sign Out']
16:46:54  INFO  manager.MyListener - The element with locator-->By.xpath: //button[text()='Sign Out']was found
16:46:55  INFO  tests.TestBase - *******************************************
16:46:55  INFO  tests.TestBase - Start test--->addNewContactTest
16:46:55  INFO  manager.MyListener - Start search element by locator--->By.xpath: //button[text()='Sign Out']
16:46:59  INFO  manager.MyListener - The element with locator-->By.xpath: //button[text()='Sign Out']was found
16:46:59  INFO  manager.MyListener - Start search element by locator--->By.cssSelector: a[href='/add']
16:46:59  INFO  manager.MyListener - The element with locator-->By.cssSelector: a[href='/add']was found
16:46:59  INFO  manager.MyListener - Start search element by locator--->By.cssSelector: [placeholder='Name']
16:46:59  INFO  manager.MyListener - The element with locator-->By.cssSelector: [placeholder='Name']was found
16:46:59  INFO  manager.MyListener - Start search element by locator--->By.cssSelector: [placeholder='Last Name']
16:46:59  INFO  manager.MyListener - The element with locator-->By.cssSelector: [placeholder='Last Name']was found
16:46:59  INFO  manager.MyListener - Start search element by locator--->By.cssSelector: [placeholder='Phone']
16:46:59  INFO  manager.MyListener - The element with locator-->By.cssSelector: [placeholder='Phone']was found
16:47:00  INFO  manager.MyListener - Start search element by locator--->By.cssSelector: [placeholder='email']
16:47:00  INFO  manager.MyListener - The element with locator-->By.cssSelector: [placeholder='email']was found
16:47:00  INFO  manager.MyListener - Start search element by locator--->By.cssSelector: [placeholder='Address']
16:47:00  INFO  manager.MyListener - The element with locator-->By.cssSelector: [placeholder='Address']was found
16:47:00  INFO  manager.MyListener - Start search element by locator--->By.cssSelector: [placeholder='description']
16:47:00  INFO  manager.MyListener - The element with locator-->By.cssSelector: [placeholder='description']was found
16:47:00  INFO  manager.MyListener - Start search element by locator--->By.xpath: (//button)[2]
16:47:00  INFO  manager.MyListener - The element with locator-->By.xpath: (//button)[2]was found
16:47:00  INFO  manager.MyListener - Start search element by locator--->By.cssSelector: .contact-page_leftdiv__yhyke
16:47:01  INFO  manager.MyListener - The element with locator-->By.cssSelector: .contact-page_leftdiv__yhykewas found
16:47:01  INFO  manager.MyListener - Start search element by locator--->By.cssSelector: .contact-item_card__2SOIM
16:47:01  INFO  manager.MyListener - The element with locator-->By.cssSelector: .contact-item_card__2SOIMwas found
16:47:01  INFO  manager.MyListener - Start search element by locator--->By.cssSelector: h3
16:47:01  INFO  manager.MyListener - The element with locator-->By.cssSelector: h3was found
16:47:01  INFO  tests.TestBase - *******************************************
