20:20:09  INFO  manager.ApplicationManager - Tests starts on Chrome Driver
20:20:11  INFO  tests.TestBase - Start test--->removeOneContactTest
20:20:11  INFO  manager.MyListener - Start search element by locator--->By.xpath: //button[text()='Sign Out']
20:20:21  INFO  manager.MyListener - The element with locator-->By.xpath: //button[text()='Sign Out']was found
20:20:21  INFO  manager.MyListener - Start search element by locator--->By.xpath: //a[text()='LOGIN']
20:20:21  INFO  manager.MyListener - The element with locator-->By.xpath: //a[text()='LOGIN']was found
20:20:21  INFO  manager.MyListener - Start search element by locator--->By.xpath: //input[1]
20:20:21  INFO  manager.MyListener - The element with locator-->By.xpath: //input[1]was found
20:20:21  INFO  manager.MyListener - Start search element by locator--->By.xpath: //input[2]
20:20:21  INFO  manager.MyListener - The element with locator-->By.xpath: //input[2]was found
20:20:21  INFO  manager.MyListener - Start search element by locator--->By.xpath: //button[1]
20:20:21  INFO  manager.MyListener - The element with locator-->By.xpath: //button[1]was found
20:20:21  INFO  manager.MyListener - Start search element by locator--->By.cssSelector: .contact-item_card__2SOIM
20:20:23  INFO  manager.MyListener - The element with locator-->By.cssSelector: .contact-item_card__2SOIMwas found
20:20:23  INFO  manager.MyListener - Start search element by locator--->By.cssSelector: .contact-item_card__2SOIM
20:20:23  INFO  manager.MyListener - The element with locator-->By.cssSelector: .contact-item_card__2SOIMwas found
20:20:23  INFO  manager.MyListener - Start search element by locator--->By.xpath: (//div[@class='contact-item_card__2SOIM'])[1]
20:20:23  INFO  manager.MyListener - The element with locator-->By.xpath: (//div[@class='contact-item_card__2SOIM'])[1]was found
20:20:23  INFO  manager.MyListener - Start search element by locator--->By.xpath: //button[text()='Remove']
20:20:23  INFO  manager.MyListener - The element with locator-->By.xpath: //button[text()='Remove']was found
20:20:28  INFO  manager.MyListener - Start search element by locator--->By.cssSelector: .contact-item_card__2SOIM
20:20:29  INFO  manager.MyListener - The element with locator-->By.cssSelector: .contact-item_card__2SOIMwas found
20:20:29  INFO  tests.TestBase - *******************************************
