22:08:39  INFO  manager.ApplicationManager - Tests starts on Chrome Driver
22:08:42  INFO  tests.TestBase - Start test--->removeAllContacts
22:08:42  INFO  manager.MyListener - Start search element by locator--->By.xpath: //button[text()='Sign Out']
22:08:45  INFO  manager.MyListener - The element with locator-->By.xpath: //button[text()='Sign Out']was found
22:08:45  INFO  manager.MyListener - Start search element by locator--->By.xpath: //a[text()='LOGIN']
22:08:45  ERROR manager.MyListener - Something went wrong!
22:08:45  ERROR manager.MyListener - no such window: target window already closed
from unknown error: web view not found
  (Session info: chrome=95.0.4638.69)
Build info: version: '3.141.59', revision: 'e82be7d358', time: '2018-11-14T08:17:03'
System info: host: 'LAPTOP-44JBEN25', ip: '172.20.10.2', os.name: 'Windows 10', os.arch: 'amd64', os.version: '10.0', java.version: '1.8.0_301'
Driver info: org.openqa.selenium.chrome.ChromeDriver
Capabilities {acceptInsecureCerts: false, browserName: chrome, browserVersion: 95.0.4638.69, chrome: {chromedriverVersion: 94.0.4606.61 (418b78f5838ed..., userDataDir: C:\Users\gorbu\AppData\Loca...}, goog:chromeOptions: {debuggerAddress: localhost:51937}, javascriptEnabled: true, networkConnectionEnabled: false, pageLoadStrategy: normal, platform: WINDOWS, platformName: WINDOWS, proxy: Proxy(), setWindowRect: true, strictFileInteractability: false, timeouts: {implicit: 0, pageLoad: 300000, script: 30000}, unhandledPromptBehavior: dismiss and notify, webauthn:extension:credBlob: true, webauthn:extension:largeBlob: true, webauthn:virtualAuthenticators: true}
Session ID: 87eacbe8c55df0cf498340b23fb67cdd
*** Element info: {Using=xpath, value=//a[text()='LOGIN']}
22:08:45  ERROR manager.MyListener - org.openqa.selenium.NoSuchWindowException: no such window: target window already closed
from unknown error: web view not found
  (Session info: chrome=95.0.4638.69)
Build info: version: '3.141.59', revision: 'e82be7d358', time: '2018-11-14T08:17:03'
System info: host: 'LAPTOP-44JBEN25', ip: '172.20.10.2', os.name: 'Windows 10', os.arch: 'amd64', os.version: '10.0', java.version: '1.8.0_301'
Driver info: org.openqa.selenium.chrome.ChromeDriver
Capabilities {acceptInsecureCerts: false, browserName: chrome, browserVersion: 95.0.4638.69, chrome: {chromedriverVersion: 94.0.4606.61 (418b78f5838ed..., userDataDir: C:\Users\gorbu\AppData\Loca...}, goog:chromeOptions: {debuggerAddress: localhost:51937}, javascriptEnabled: true, networkConnectionEnabled: false, pageLoadStrategy: normal, platform: WINDOWS, platformName: WINDOWS, proxy: Proxy(), setWindowRect: true, strictFileInteractability: false, timeouts: {implicit: 0, pageLoad: 300000, script: 30000}, unhandledPromptBehavior: dismiss and notify, webauthn:extension:credBlob: true, webauthn:extension:largeBlob: true, webauthn:virtualAuthenticators: true}
Session ID: 87eacbe8c55df0cf498340b23fb67cdd
*** Element info: {Using=xpath, value=//a[text()='LOGIN']}
22:08:56  INFO  manager.ApplicationManager - Tests starts on Chrome Driver
22:08:58  INFO  tests.TestBase - Start test--->addNewContactTest
22:08:58  INFO  manager.MyListener - Start search element by locator--->By.xpath: //button[text()='Sign Out']
22:09:08  INFO  manager.MyListener - The element with locator-->By.xpath: //button[text()='Sign Out']was found
22:09:08  INFO  manager.MyListener - Start search element by locator--->By.xpath: //a[text()='LOGIN']
22:09:08  INFO  manager.MyListener - The element with locator-->By.xpath: //a[text()='LOGIN']was found
22:09:09  INFO  manager.MyListener - Start search element by locator--->By.xpath: //input[1]
22:09:09  INFO  manager.MyListener - The element with locator-->By.xpath: //input[1]was found
22:09:09  INFO  manager.MyListener - Start search element by locator--->By.xpath: //input[2]
22:09:09  INFO  manager.MyListener - The element with locator-->By.xpath: //input[2]was found
22:09:09  INFO  manager.MyListener - Start search element by locator--->By.xpath: //button[1]
22:09:09  INFO  manager.MyListener - The element with locator-->By.xpath: //button[1]was found
22:09:09  INFO  manager.MyListener - Start search element by locator--->By.cssSelector: a[href='/add']
22:09:10  INFO  manager.MyListener - The element with locator-->By.cssSelector: a[href='/add']was found
22:09:10  INFO  manager.MyListener - Start search element by locator--->By.cssSelector: [placeholder='Name']
22:09:10  INFO  manager.MyListener - The element with locator-->By.cssSelector: [placeholder='Name']was found
22:09:10  INFO  manager.MyListener - Start search element by locator--->By.cssSelector: [placeholder='Last Name']
22:09:11  INFO  manager.MyListener - The element with locator-->By.cssSelector: [placeholder='Last Name']was found
22:09:11  INFO  manager.MyListener - Start search element by locator--->By.cssSelector: [placeholder='Phone']
22:09:11  INFO  manager.MyListener - The element with locator-->By.cssSelector: [placeholder='Phone']was found
22:09:11  INFO  manager.MyListener - Start search element by locator--->By.cssSelector: [placeholder='email']
22:09:11  INFO  manager.MyListener - The element with locator-->By.cssSelector: [placeholder='email']was found
22:09:11  INFO  manager.MyListener - Start search element by locator--->By.cssSelector: [placeholder='Address']
22:09:11  INFO  manager.MyListener - The element with locator-->By.cssSelector: [placeholder='Address']was found
22:09:11  INFO  manager.MyListener - Start search element by locator--->By.cssSelector: [placeholder='description']
22:09:11  INFO  manager.MyListener - The element with locator-->By.cssSelector: [placeholder='description']was found
22:09:11  INFO  manager.MyListener - Start search element by locator--->By.xpath: (//button)[2]
22:09:11  INFO  manager.MyListener - The element with locator-->By.xpath: (//button)[2]was found
22:09:11  INFO  manager.MyListener - Start search element by locator--->By.cssSelector: .contact-page_leftdiv__yhyke
22:09:12  INFO  manager.MyListener - The element with locator-->By.cssSelector: .contact-page_leftdiv__yhykewas found
22:09:12  INFO  manager.MyListener - Start search element by locator--->By.cssSelector: .contact-item_card__2SOIM
22:09:12  INFO  manager.MyListener - The element with locator-->By.cssSelector: .contact-item_card__2SOIMwas found
22:09:12  INFO  tests.TestBase - *******************************************
22:09:12  INFO  tests.TestBase - Start test--->addNewContactTest
22:09:12  INFO  manager.MyListener - Start search element by locator--->By.xpath: //button[text()='Sign Out']
22:09:12  INFO  manager.MyListener - The element with locator-->By.xpath: //button[text()='Sign Out']was found
22:09:12  INFO  manager.MyListener - Start search element by locator--->By.cssSelector: a[href='/add']
22:09:12  INFO  manager.MyListener - The element with locator-->By.cssSelector: a[href='/add']was found
22:09:12  INFO  manager.MyListener - Start search element by locator--->By.cssSelector: [placeholder='Name']
22:09:12  INFO  manager.MyListener - The element with locator-->By.cssSelector: [placeholder='Name']was found
22:09:12  INFO  manager.MyListener - Start search element by locator--->By.cssSelector: [placeholder='Last Name']
22:09:12  INFO  manager.MyListener - The element with locator-->By.cssSelector: [placeholder='Last Name']was found
22:09:12  INFO  manager.MyListener - Start search element by locator--->By.cssSelector: [placeholder='Phone']
22:09:12  INFO  manager.MyListener - The element with locator-->By.cssSelector: [placeholder='Phone']was found
22:09:12  INFO  manager.MyListener - Start search element by locator--->By.cssSelector: [placeholder='email']
22:09:12  INFO  manager.MyListener - The element with locator-->By.cssSelector: [placeholder='email']was found
22:09:13  INFO  manager.MyListener - Start search element by locator--->By.cssSelector: [placeholder='Address']
22:09:13  INFO  manager.MyListener - The element with locator-->By.cssSelector: [placeholder='Address']was found
22:09:13  INFO  manager.MyListener - Start search element by locator--->By.cssSelector: [placeholder='description']
22:09:13  INFO  manager.MyListener - The element with locator-->By.cssSelector: [placeholder='description']was found
22:09:13  INFO  manager.MyListener - Start search element by locator--->By.xpath: (//button)[2]
22:09:13  INFO  manager.MyListener - The element with locator-->By.xpath: (//button)[2]was found
22:09:13  INFO  manager.MyListener - Start search element by locator--->By.cssSelector: .contact-page_leftdiv__yhyke
22:09:13  INFO  manager.MyListener - The element with locator-->By.cssSelector: .contact-page_leftdiv__yhykewas found
22:09:13  INFO  manager.MyListener - Start search element by locator--->By.cssSelector: .contact-item_card__2SOIM
22:09:13  INFO  manager.MyListener - The element with locator-->By.cssSelector: .contact-item_card__2SOIMwas found
22:09:13  INFO  tests.TestBase - *******************************************
22:09:13  INFO  tests.TestBase - Start test--->addNewContactTest
22:09:13  INFO  manager.MyListener - Start search element by locator--->By.xpath: //button[text()='Sign Out']
22:09:13  INFO  manager.MyListener - The element with locator-->By.xpath: //button[text()='Sign Out']was found
22:09:13  INFO  manager.MyListener - Start search element by locator--->By.cssSelector: a[href='/add']
22:09:13  INFO  manager.MyListener - The element with locator-->By.cssSelector: a[href='/add']was found
22:09:13  INFO  manager.MyListener - Start search element by locator--->By.cssSelector: [placeholder='Name']
22:09:14  INFO  manager.MyListener - The element with locator-->By.cssSelector: [placeholder='Name']was found
22:09:14  INFO  manager.MyListener - Start search element by locator--->By.cssSelector: [placeholder='Last Name']
22:09:14  INFO  manager.MyListener - The element with locator-->By.cssSelector: [placeholder='Last Name']was found
22:09:14  INFO  manager.MyListener - Start search element by locator--->By.cssSelector: [placeholder='Phone']
22:09:14  INFO  manager.MyListener - The element with locator-->By.cssSelector: [placeholder='Phone']was found
22:09:14  INFO  manager.MyListener - Start search element by locator--->By.cssSelector: [placeholder='email']
22:09:14  INFO  manager.MyListener - The element with locator-->By.cssSelector: [placeholder='email']was found
22:09:14  INFO  manager.MyListener - Start search element by locator--->By.cssSelector: [placeholder='Address']
22:09:14  INFO  manager.MyListener - The element with locator-->By.cssSelector: [placeholder='Address']was found
22:09:14  INFO  manager.MyListener - Start search element by locator--->By.cssSelector: [placeholder='description']
22:09:14  INFO  manager.MyListener - The element with locator-->By.cssSelector: [placeholder='description']was found
22:09:14  INFO  manager.MyListener - Start search element by locator--->By.xpath: (//button)[2]
22:09:14  INFO  manager.MyListener - The element with locator-->By.xpath: (//button)[2]was found
22:09:14  INFO  manager.MyListener - Start search element by locator--->By.cssSelector: .contact-page_leftdiv__yhyke
22:09:15  INFO  manager.MyListener - The element with locator-->By.cssSelector: .contact-page_leftdiv__yhykewas found
22:09:15  INFO  manager.MyListener - Start search element by locator--->By.cssSelector: .contact-item_card__2SOIM
22:09:15  INFO  manager.MyListener - The element with locator-->By.cssSelector: .contact-item_card__2SOIMwas found
22:09:15  INFO  tests.TestBase - *******************************************
22:09:15  INFO  tests.TestBase - Start test--->addNewContactTest
22:09:15  INFO  manager.MyListener - Start search element by locator--->By.xpath: //button[text()='Sign Out']
22:09:15  INFO  manager.MyListener - The element with locator-->By.xpath: //button[text()='Sign Out']was found
22:09:15  INFO  manager.MyListener - Start search element by locator--->By.cssSelector: a[href='/add']
22:09:15  INFO  manager.MyListener - The element with locator-->By.cssSelector: a[href='/add']was found
22:09:15  INFO  manager.MyListener - Start search element by locator--->By.cssSelector: [placeholder='Name']
22:09:15  INFO  manager.MyListener - The element with locator-->By.cssSelector: [placeholder='Name']was found
22:09:15  INFO  manager.MyListener - Start search element by locator--->By.cssSelector: [placeholder='Last Name']
22:09:15  INFO  manager.MyListener - The element with locator-->By.cssSelector: [placeholder='Last Name']was found
22:09:15  INFO  manager.MyListener - Start search element by locator--->By.cssSelector: [placeholder='Phone']
22:09:15  INFO  manager.MyListener - The element with locator-->By.cssSelector: [placeholder='Phone']was found
22:09:15  INFO  manager.MyListener - Start search element by locator--->By.cssSelector: [placeholder='email']
22:09:15  INFO  manager.MyListener - The element with locator-->By.cssSelector: [placeholder='email']was found
22:09:15  INFO  manager.MyListener - Start search element by locator--->By.cssSelector: [placeholder='Address']
22:09:15  INFO  manager.MyListener - The element with locator-->By.cssSelector: [placeholder='Address']was found
22:09:16  INFO  manager.MyListener - Start search element by locator--->By.cssSelector: [placeholder='description']
22:09:16  INFO  manager.MyListener - The element with locator-->By.cssSelector: [placeholder='description']was found
22:09:16  INFO  manager.MyListener - Start search element by locator--->By.xpath: (//button)[2]
22:09:16  INFO  manager.MyListener - The element with locator-->By.xpath: (//button)[2]was found
22:09:16  INFO  manager.MyListener - Start search element by locator--->By.cssSelector: .contact-page_leftdiv__yhyke
22:09:16  INFO  manager.MyListener - The element with locator-->By.cssSelector: .contact-page_leftdiv__yhykewas found
22:09:16  INFO  manager.MyListener - Start search element by locator--->By.cssSelector: .contact-item_card__2SOIM
22:09:16  INFO  manager.MyListener - The element with locator-->By.cssSelector: .contact-item_card__2SOIMwas found
22:09:16  INFO  tests.TestBase - *******************************************
