20:35:57  INFO  manager.ApplicationManager - Tests starts on Chrome Driver
20:35:59  INFO  tests.TestBase - Start test--->addNewContactTest
20:35:59  INFO  manager.MyListener - Start search element by locator--->By.xpath: //button[text()='Sign Out']
20:36:09  INFO  manager.MyListener - The element with locator-->By.xpath: //button[text()='Sign Out']was found
20:36:09  INFO  manager.MyListener - Start search element by locator--->By.xpath: //a[text()='LOGIN']
20:36:09  INFO  manager.MyListener - The element with locator-->By.xpath: //a[text()='LOGIN']was found
20:36:09  INFO  manager.MyListener - Start search element by locator--->By.xpath: //input[1]
20:36:09  INFO  manager.MyListener - The element with locator-->By.xpath: //input[1]was found
20:36:09  INFO  manager.MyListener - Start search element by locator--->By.xpath: //input[2]
20:36:09  INFO  manager.MyListener - The element with locator-->By.xpath: //input[2]was found
20:36:09  INFO  manager.MyListener - Start search element by locator--->By.xpath: //button[1]
20:36:09  INFO  manager.MyListener - The element with locator-->By.xpath: //button[1]was found
20:36:10  INFO  manager.MyListener - Start search element by locator--->By.cssSelector: a[href='/add']
20:36:11  INFO  manager.MyListener - The element with locator-->By.cssSelector: a[href='/add']was found
20:36:11  INFO  tests.TestBase - *******************************************
20:36:11  INFO  tests.TestBase - Start test--->addNewContactTest
20:36:11  INFO  manager.MyListener - Start search element by locator--->By.xpath: //button[text()='Sign Out']
20:36:11  INFO  manager.MyListener - The element with locator-->By.xpath: //button[text()='Sign Out']was found
20:36:11  INFO  manager.MyListener - Start search element by locator--->By.cssSelector: a[href='/add']
20:36:11  INFO  manager.MyListener - The element with locator-->By.cssSelector: a[href='/add']was found
20:36:11  INFO  manager.MyListener - Start search element by locator--->By.cssSelector: [placeholder='Name']
20:36:11  INFO  manager.MyListener - The element with locator-->By.cssSelector: [placeholder='Name']was found
20:36:11  INFO  manager.MyListener - Start search element by locator--->By.cssSelector: [placeholder='Last Name']
20:36:11  INFO  manager.MyListener - The element with locator-->By.cssSelector: [placeholder='Last Name']was found
20:36:11  INFO  manager.MyListener - Start search element by locator--->By.cssSelector: [placeholder='Phone']
20:36:12  INFO  manager.MyListener - The element with locator-->By.cssSelector: [placeholder='Phone']was found
20:36:12  INFO  manager.MyListener - Start search element by locator--->By.cssSelector: [placeholder='email']
20:36:12  INFO  manager.MyListener - The element with locator-->By.cssSelector: [placeholder='email']was found
20:36:12  INFO  manager.MyListener - Start search element by locator--->By.cssSelector: [placeholder='Address']
20:36:12  INFO  manager.MyListener - The element with locator-->By.cssSelector: [placeholder='Address']was found
20:36:12  INFO  manager.MyListener - Start search element by locator--->By.cssSelector: [placeholder='description']
20:36:12  INFO  manager.MyListener - The element with locator-->By.cssSelector: [placeholder='description']was found
20:36:12  INFO  manager.MyListener - Start search element by locator--->By.xpath: (//button)[2]
20:36:12  INFO  manager.MyListener - The element with locator-->By.xpath: (//button)[2]was found
20:36:12  INFO  manager.MyListener - Start search element by locator--->By.cssSelector: .contact-page_leftdiv__yhyke
20:36:13  INFO  manager.MyListener - The element with locator-->By.cssSelector: .contact-page_leftdiv__yhykewas found
20:36:13  INFO  manager.MyListener - Start search element by locator--->By.xpath: div[@class='contact-item_card__2SOIM']
20:36:23  INFO  manager.MyListener - The element with locator-->By.xpath: div[@class='contact-item_card__2SOIM']was found
20:36:23  INFO  tests.TestBase - *******************************************
20:36:23  INFO  tests.TestBase - Start test--->addNewContactTest
20:36:23  INFO  manager.MyListener - Start search element by locator--->By.xpath: //button[text()='Sign Out']
20:36:23  INFO  manager.MyListener - The element with locator-->By.xpath: //button[text()='Sign Out']was found
20:36:23  INFO  manager.MyListener - Start search element by locator--->By.cssSelector: a[href='/add']
20:36:23  INFO  manager.MyListener - The element with locator-->By.cssSelector: a[href='/add']was found
20:36:23  INFO  manager.MyListener - Start search element by locator--->By.cssSelector: [placeholder='Name']
20:36:23  INFO  manager.MyListener - The element with locator-->By.cssSelector: [placeholder='Name']was found
20:36:23  INFO  manager.MyListener - Start search element by locator--->By.cssSelector: [placeholder='Last Name']
20:36:23  INFO  manager.MyListener - The element with locator-->By.cssSelector: [placeholder='Last Name']was found
20:36:23  INFO  manager.MyListener - Start search element by locator--->By.cssSelector: [placeholder='Phone']
20:36:23  INFO  manager.MyListener - The element with locator-->By.cssSelector: [placeholder='Phone']was found
20:36:23  INFO  manager.MyListener - Start search element by locator--->By.cssSelector: [placeholder='email']
20:36:23  INFO  manager.MyListener - The element with locator-->By.cssSelector: [placeholder='email']was found
20:36:24  INFO  manager.MyListener - Start search element by locator--->By.cssSelector: [placeholder='Address']
20:36:24  INFO  manager.MyListener - The element with locator-->By.cssSelector: [placeholder='Address']was found
20:36:24  INFO  manager.MyListener - Start search element by locator--->By.cssSelector: [placeholder='description']
20:36:24  INFO  manager.MyListener - The element with locator-->By.cssSelector: [placeholder='description']was found
20:36:24  INFO  manager.MyListener - Start search element by locator--->By.xpath: (//button)[2]
20:36:24  INFO  manager.MyListener - The element with locator-->By.xpath: (//button)[2]was found
20:36:24  INFO  manager.MyListener - Start search element by locator--->By.cssSelector: .contact-page_leftdiv__yhyke
20:36:25  INFO  manager.MyListener - The element with locator-->By.cssSelector: .contact-page_leftdiv__yhykewas found
20:36:25  INFO  manager.MyListener - Start search element by locator--->By.xpath: div[@class='contact-item_card__2SOIM']
20:36:35  INFO  manager.MyListener - The element with locator-->By.xpath: div[@class='contact-item_card__2SOIM']was found
20:36:35  INFO  tests.TestBase - *******************************************
20:36:35  INFO  tests.TestBase - Start test--->addNewContactTest
20:36:35  INFO  manager.MyListener - Start search element by locator--->By.xpath: //button[text()='Sign Out']
20:36:35  INFO  manager.MyListener - The element with locator-->By.xpath: //button[text()='Sign Out']was found
20:36:35  INFO  manager.MyListener - Start search element by locator--->By.cssSelector: a[href='/add']
20:36:35  INFO  manager.MyListener - The element with locator-->By.cssSelector: a[href='/add']was found
20:36:35  INFO  manager.MyListener - Start search element by locator--->By.cssSelector: [placeholder='Name']
20:36:35  INFO  manager.MyListener - The element with locator-->By.cssSelector: [placeholder='Name']was found
20:36:35  INFO  manager.MyListener - Start search element by locator--->By.cssSelector: [placeholder='Last Name']
20:36:35  INFO  manager.MyListener - The element with locator-->By.cssSelector: [placeholder='Last Name']was found
20:36:35  INFO  manager.MyListener - Start search element by locator--->By.cssSelector: [placeholder='Phone']
20:36:35  INFO  manager.MyListener - The element with locator-->By.cssSelector: [placeholder='Phone']was found
20:36:35  INFO  manager.MyListener - Start search element by locator--->By.cssSelector: [placeholder='email']
20:36:35  INFO  manager.MyListener - The element with locator-->By.cssSelector: [placeholder='email']was found
20:36:36  INFO  manager.MyListener - Start search element by locator--->By.cssSelector: [placeholder='Address']
20:36:36  INFO  manager.MyListener - The element with locator-->By.cssSelector: [placeholder='Address']was found
20:36:36  INFO  manager.MyListener - Start search element by locator--->By.cssSelector: [placeholder='description']
20:36:36  INFO  manager.MyListener - The element with locator-->By.cssSelector: [placeholder='description']was found
20:36:36  INFO  manager.MyListener - Start search element by locator--->By.xpath: (//button)[2]
20:36:36  INFO  manager.MyListener - The element with locator-->By.xpath: (//button)[2]was found
20:36:36  INFO  manager.MyListener - Start search element by locator--->By.cssSelector: .contact-page_leftdiv__yhyke
20:36:37  INFO  manager.MyListener - The element with locator-->By.cssSelector: .contact-page_leftdiv__yhykewas found
20:36:37  INFO  manager.MyListener - Start search element by locator--->By.xpath: div[@class='contact-item_card__2SOIM']
20:36:47  INFO  manager.MyListener - The element with locator-->By.xpath: div[@class='contact-item_card__2SOIM']was found
20:36:47  INFO  tests.TestBase - *******************************************
