20:22:01  INFO  manager.ApplicationManager - Tests starts on Chrome Driver
20:22:03  INFO  tests.TestBase - Start test--->removeAllContacts
20:22:03  INFO  manager.MyListener - Start search element by locator--->By.xpath: //button[text()='Sign Out']
20:22:13  INFO  manager.MyListener - The element with locator-->By.xpath: //button[text()='Sign Out']was found
20:22:13  INFO  manager.MyListener - Start search element by locator--->By.xpath: //a[text()='LOGIN']
20:22:13  INFO  manager.MyListener - The element with locator-->By.xpath: //a[text()='LOGIN']was found
20:22:13  INFO  manager.MyListener - Start search element by locator--->By.xpath: //input[1]
20:22:13  INFO  manager.MyListener - The element with locator-->By.xpath: //input[1]was found
20:22:13  INFO  manager.MyListener - Start search element by locator--->By.xpath: //input[2]
20:22:13  INFO  manager.MyListener - The element with locator-->By.xpath: //input[2]was found
20:22:13  INFO  manager.MyListener - Start search element by locator--->By.xpath: //button[1]
20:22:13  INFO  manager.MyListener - The element with locator-->By.xpath: //button[1]was found
20:22:13  INFO  manager.MyListener - Start search element by locator--->By.cssSelector: .contact-item_card__2SOIM
20:22:15  INFO  manager.MyListener - The element with locator-->By.cssSelector: .contact-item_card__2SOIMwas found
20:22:25  INFO  manager.MyListener - Start search element by locator--->By.xpath: //button[text()='Remove']
20:22:25  INFO  manager.MyListener - The element with locator-->By.xpath: //button[text()='Remove']was found
20:22:35  INFO  manager.MyListener - Start search element by locator--->By.xpath: //button[text()='Remove']
20:22:35  INFO  manager.MyListener - The element with locator-->By.xpath: //button[text()='Remove']was found
20:22:45  INFO  manager.MyListener - Start search element by locator--->By.xpath: //button[text()='Remove']
20:22:45  INFO  manager.MyListener - The element with locator-->By.xpath: //button[text()='Remove']was found
20:22:50  ERROR manager.MyListener - Something went wrong!
20:22:50  ERROR manager.MyListener - stale element reference: element is not attached to the page document
  (Session info: chrome=95.0.4638.69)
For documentation on this error, please visit: https://www.seleniumhq.org/exceptions/stale_element_reference.html
Build info: version: '3.141.59', revision: 'e82be7d358', time: '2018-11-14T08:17:03'
System info: host: 'LAPTOP-44JBEN25', ip: '172.20.10.2', os.name: 'Windows 10', os.arch: 'amd64', os.version: '10.0', java.version: '1.8.0_301'
Driver info: org.openqa.selenium.chrome.ChromeDriver
Capabilities {acceptInsecureCerts: false, browserName: chrome, browserVersion: 95.0.4638.69, chrome: {chromedriverVersion: 94.0.4606.61 (418b78f5838ed..., userDataDir: C:\Users\gorbu\AppData\Loca...}, goog:chromeOptions: {debuggerAddress: localhost:51125}, javascriptEnabled: true, networkConnectionEnabled: false, pageLoadStrategy: normal, platform: WINDOWS, platformName: WINDOWS, proxy: Proxy(), setWindowRect: true, strictFileInteractability: false, timeouts: {implicit: 0, pageLoad: 300000, script: 30000}, unhandledPromptBehavior: dismiss and notify, webauthn:extension:credBlob: true, webauthn:extension:largeBlob: true, webauthn:virtualAuthenticators: true}
Session ID: c6fd793e6f72a32fa042b51b277dd94b
20:22:50  ERROR manager.MyListener - org.openqa.selenium.StaleElementReferenceException: stale element reference: element is not attached to the page document
  (Session info: chrome=95.0.4638.69)
For documentation on this error, please visit: https://www.seleniumhq.org/exceptions/stale_element_reference.html
Build info: version: '3.141.59', revision: 'e82be7d358', time: '2018-11-14T08:17:03'
System info: host: 'LAPTOP-44JBEN25', ip: '172.20.10.2', os.name: 'Windows 10', os.arch: 'amd64', os.version: '10.0', java.version: '1.8.0_301'
Driver info: org.openqa.selenium.chrome.ChromeDriver
Capabilities {acceptInsecureCerts: false, browserName: chrome, browserVersion: 95.0.4638.69, chrome: {chromedriverVersion: 94.0.4606.61 (418b78f5838ed..., userDataDir: C:\Users\gorbu\AppData\Loca...}, goog:chromeOptions: {debuggerAddress: localhost:51125}, javascriptEnabled: true, networkConnectionEnabled: false, pageLoadStrategy: normal, platform: WINDOWS, platformName: WINDOWS, proxy: Proxy(), setWindowRect: true, strictFileInteractability: false, timeouts: {implicit: 0, pageLoad: 300000, script: 30000}, unhandledPromptBehavior: dismiss and notify, webauthn:extension:credBlob: true, webauthn:extension:largeBlob: true, webauthn:virtualAuthenticators: true}
Session ID: c6fd793e6f72a32fa042b51b277dd94b
20:22:51  INFO  manager.MyListener - This link to the screenshot with error-->src/test/screenshots/screenshot-1370.png
20:22:51  INFO  tests.TestBase - *******************************************
