19:29:27  INFO  manager.ApplicationManager - Tests starts on Chrome Driver
19:29:28  INFO  tests.TestBase - Start test--->removeAllContacts2
19:29:28  INFO  manager.MyListener - Start search element by locator--->By.xpath: //button[text()='Sign Out']
19:29:38  INFO  manager.MyListener - The element with locator-->By.xpath: //button[text()='Sign Out']was found
19:29:38  INFO  manager.MyListener - Start search element by locator--->By.xpath: //a[text()='LOGIN']
19:29:38  INFO  manager.MyListener - The element with locator-->By.xpath: //a[text()='LOGIN']was found
19:29:39  INFO  manager.MyListener - Start search element by locator--->By.xpath: //input[1]
19:29:39  INFO  manager.MyListener - The element with locator-->By.xpath: //input[1]was found
19:29:39  INFO  manager.MyListener - Start search element by locator--->By.xpath: //input[2]
19:29:39  INFO  manager.MyListener - The element with locator-->By.xpath: //input[2]was found
19:29:39  INFO  manager.MyListener - Start search element by locator--->By.xpath: //button[1]
19:29:39  INFO  manager.MyListener - The element with locator-->By.xpath: //button[1]was found
19:29:39  INFO  manager.MyListener - Start search element by locator--->By.cssSelector: .contact-item_card__2SOIM
19:29:40  INFO  manager.MyListener - The element with locator-->By.cssSelector: .contact-item_card__2SOIMwas found
19:29:40  INFO  manager.MyListener - Start search element by locator--->By.cssSelector: .contact-item_card__2SOIM
19:29:40  INFO  manager.MyListener - The element with locator-->By.cssSelector: .contact-item_card__2SOIMwas found
19:29:40  INFO  manager.MyListener - Start search element by locator--->By.xpath: (//div[@class='contact-item_card__2SOIM'])
19:29:40  INFO  manager.MyListener - The element with locator-->By.xpath: (//div[@class='contact-item_card__2SOIM'])was found
19:29:40  INFO  manager.MyListener - Start search element by locator--->By.xpath: //button[text()='Remove']
19:29:40  INFO  manager.MyListener - The element with locator-->By.xpath: //button[text()='Remove']was found
19:29:45  INFO  manager.MyListener - Start search element by locator--->By.cssSelector: .contact-item_card__2SOIM
19:29:55  INFO  manager.MyListener - The element with locator-->By.cssSelector: .contact-item_card__2SOIMwas found
19:30:00  INFO  manager.MyListener - Start search element by locator--->By.cssSelector: .contact-item_card__2SOIM
19:30:10  INFO  manager.MyListener - The element with locator-->By.cssSelector: .contact-item_card__2SOIMwas found
19:30:10  INFO  tests.TestBase - *******************************************
